<?xml version="1.0" encoding="UTF-8"?>
<!-- Generated by org.testng.reporters.JUnitXMLReporter -->
<testsuite ignored="0" hostname="Rico" failures="0" tests="15" name="RegressionPPAPI" time="37.526" errors="0" timestamp="2022-07-19T17:24:51 WIB">
  <testcase classname="PPProd.partaiperindo" name="success_login_nonadmin" time="2.015"/>
  <testcase classname="PPProd.partaiperindo" name="failed_login_invalidpassword" time="0.213"/>
  <testcase classname="PPProd.partaiperindo" name="failed_login_invalidphonenumberformat" time="1.139"/>
  <testcase classname="PPProd.partaiperindo" name="forgotpassword" time="5.296"/>
  <testcase classname="PPProd.partaiperindo" name="register" time="25.391"/>
  <testcase classname="PPProd.partaiperindo" name="search" time="0.178"/>
  <testcase classname="PPProd.partaiperindo" name="getAllAksi" time="0.149"/>
  <testcase classname="PPProd.partaiperindo" name="getAksiDetail" time="0.169"/>
  <testcase classname="PPProd.partaiperindo" name="failed_getAksiNotFound" time="0.14"/>
  <testcase classname="PPProd.partaiperindo" name="getListAgenda" time="0.204"/>
  <testcase classname="PPProd.partaiperindo" name="getListAgendaDetail" time="0.137"/>
  <testcase classname="PPProd.partaiperindo" name="failed_getListAgendaDetail" time="0.15"/>
  <testcase classname="PPProd.partaiperindo" name="getmember" time="1.955"/>
  <testcase classname="PPProd.partaiperindo" name="listaspirasi" time="0.144"/>
  <testcase classname="PPProd.partaiperindo" name="listgallery" time="0.202"/>
</testsuite> <!-- RegressionPPAPI -->
