<?xml version="1.0" encoding="UTF-8"?>
<!-- Generated by org.testng.reporters.JUnitXMLReporter -->
<testsuite ignored="2" hostname="Rico" failures="0" tests="1" name="Default test" time="5.449" errors="0" timestamp="2023-11-02T16:23:45 WIB">
  <testcase classname="PPProd.partaiperindoUI" name="PetunjukArah" time="1.011"/>
  <testcase classname="PPProd.partaiperindoUI" name="pemudaPerindo" time="0.0">
    <ignored/>
  </testcase> <!-- pemudaPerindo -->
  <testcase classname="PPProd.partaiperindoUI" name="kartiniPerindo" time="0.0">
    <ignored/>
  </testcase> <!-- kartiniPerindo -->
</testsuite> <!-- Default test -->
