<?xml version="1.0" encoding="UTF-8"?>
<!-- Generated by org.testng.reporters.JUnitXMLReporter -->
<testsuite ignored="2" hostname="Rico" failures="0" tests="1" name="Default test" time="13.068" errors="0" timestamp="2022-08-10T16:36:02 WIB">
  <testcase classname="PPProd.partaiperindoUIdev" name="pemudaPerindo" time="10.418"/>
  <testcase classname="PPProd.partaiperindoUIdev" name="kartiniPerindo" time="0.0">
    <ignored/>
  </testcase> <!-- kartiniPerindo -->
  <testcase classname="PPProd.partaiperindoUIdev" name="PetunjukArah" time="0.0">
    <ignored/>
  </testcase> <!-- PetunjukArah -->
</testsuite> <!-- Default test -->
