<?xml version="1.0" encoding="UTF-8"?>
<!-- Generated by org.testng.reporters.JUnitXMLReporter -->
<testsuite ignored="0" hostname="Rico" failures="0" tests="15" name="RegressionPPAPI" time="13.059" errors="0" timestamp="2022-07-19T17:14:02 WIB">
  <testcase classname="PPProd.partaiperindo" name="success_login_nonadmin" time="2.222"/>
  <testcase classname="PPProd.partaiperindo" name="failed_login_invalidpassword" time="0.144"/>
  <testcase classname="PPProd.partaiperindo" name="failed_login_invalidphonenumberformat" time="1.121"/>
  <testcase classname="PPProd.partaiperindo" name="forgotpassword" time="5.267"/>
  <testcase classname="PPProd.partaiperindo" name="register" time="1.226"/>
  <testcase classname="PPProd.partaiperindo" name="search" time="0.219"/>
  <testcase classname="PPProd.partaiperindo" name="getAllAksi" time="0.108"/>
  <testcase classname="PPProd.partaiperindo" name="getAksiDetail" time="0.137"/>
  <testcase classname="PPProd.partaiperindo" name="failed_getAksiNotFound" time="0.111"/>
  <testcase classname="PPProd.partaiperindo" name="getListAgenda" time="0.173"/>
  <testcase classname="PPProd.partaiperindo" name="getListAgendaDetail" time="0.117"/>
  <testcase classname="PPProd.partaiperindo" name="failed_getListAgendaDetail" time="0.108"/>
  <testcase classname="PPProd.partaiperindo" name="getmember" time="1.807"/>
  <testcase classname="PPProd.partaiperindo" name="listaspirasi" time="0.104"/>
  <testcase classname="PPProd.partaiperindo" name="listgallery" time="0.149"/>
</testsuite> <!-- RegressionPPAPI -->
