<?xml version="1.0" encoding="UTF-8"?>
<testsuite xmlns:xsi="http://www.w3.org/2001/XMLSchema-instance" xsi:noNamespaceSchemaLocation="https://maven.apache.org/surefire/maven-surefire-plugin/xsd/surefire-test-report-3.0.xsd" version="3.0" name="TestSuite" time="38.461" tests="15" errors="0" skipped="0" failures="0">
  <properties>
[...]
</properties>
  <testcase name="success_login_nonadmin" classname="PPProd.partaiperindo" time="2.019">
    <system-out><![CDATA[HTTP/1.1 201 Created
Date: Tue, 19 Jul 2022 10:24:15 GMT
Content-Type: application/json; charset=UTF-8
Content-Length: 136
Connection: keep-alive
Vary: Origin
Strict-Transport-Security: max-age=31536000; includeSubDomains; preload
CF-Cache-Status: DYNAMIC
Expect-CT: max-age=604800, report-uri="https://report-uri.cloudflare.com/cdn-cgi/beacon/expect-ct"
X-Content-Type-Options: nosniff
Server: cloudflare
CF-RAY: 72d2bf107d274643-SIN
alt-svc: h3=":443"; ma=86400, h3-29=":443"; ma=86400

{
    "phone_number": "+6281223257356",
    "token": "qbNnp-b7sVyhj1obA87Zr3YIhLUPDhEkK3uIjLTLo0o=",
    "expired_datetime": "2022-07-20T17:23:59+07:00"
}
]]></system-out>
  </testcase>
  <testcase name="failed_login_invalidpassword" classname="PPProd.partaiperindo" time="0.211">
    <system-out><![CDATA[HTTP/1.1 401 Unauthorized
Date: Tue, 19 Jul 2022 10:24:15 GMT
Content-Type: text/plain; charset=UTF-8
Content-Length: 62
Connection: keep-alive
Vary: Origin
CF-Cache-Status: DYNAMIC
Expect-CT: max-age=604800, report-uri="https://report-uri.cloudflare.com/cdn-cgi/beacon/expect-ct"
Strict-Transport-Security: max-age=31536000; includeSubDomains; preload
X-Content-Type-Options: nosniff
Server: cloudflare
CF-RAY: 72d2bf12c81e01b8-SIN
alt-svc: h3=":443"; ma=86400, h3-29=":443"; ma=86400

Nomor anda belum terdaftar, silakan mendaftar terlebih dahulu.
]]></system-out>
  </testcase>
  <testcase name="failed_login_invalidphonenumberformat" classname="PPProd.partaiperindo" time="1.141">
    <system-out><![CDATA[HTTP/1.1 400 Bad Request
Date: Tue, 19 Jul 2022 10:24:16 GMT
Content-Type: text/plain; charset=UTF-8
Content-Length: 75
Connection: keep-alive
Vary: Origin
CF-Cache-Status: DYNAMIC
Expect-CT: max-age=604800, report-uri="https://report-uri.cloudflare.com/cdn-cgi/beacon/expect-ct"
Strict-Transport-Security: max-age=31536000; includeSubDomains; preload
X-Content-Type-Options: nosniff
Server: cloudflare
CF-RAY: 72d2bf140f064a08-SIN
alt-svc: h3=":443"; ma=86400, h3-29=":443"; ma=86400

Format No Telepon tidak diketahui.Gunakan Format diawali dengan '62' atau 0
]]></system-out>
  </testcase>
  <testcase name="forgotpassword" classname="PPProd.partaiperindo" time="5.297">
    <system-out><![CDATA[HTTP/1.1 200 OK
Date: Tue, 19 Jul 2022 10:24:17 GMT
Content-Type: application/json; charset=UTF-8
Transfer-Encoding: chunked
Connection: keep-alive
Vary: Origin
Strict-Transport-Security: max-age=31536000; includeSubDomains; preload
CF-Cache-Status: DYNAMIC
Expect-CT: max-age=604800, report-uri="https://report-uri.cloudflare.com/cdn-cgi/beacon/expect-ct"
X-Content-Type-Options: nosniff
Server: cloudflare
CF-RAY: 72d2bf1b4b6a893e-SIN
Content-Encoding: gzip
alt-svc: h3=":443"; ma=86400, h3-29=":443"; ma=86400

{
    "phone_number": "+6281223257356",
    "expired": 600,
    "expired_datetime": "2022-07-19T17:34:01+07:00"
}
]]></system-out>
  </testcase>
  <testcase name="register" classname="PPProd.partaiperindo" time="25.394">
    <system-out><![CDATA[HTTP/1.1 200 OK
Date: Tue, 19 Jul 2022 10:24:46 GMT
Content-Type: application/json; charset=UTF-8
Transfer-Encoding: chunked
Connection: keep-alive
Vary: Origin
Strict-Transport-Security: max-age=31536000; includeSubDomains; preload
CF-Cache-Status: DYNAMIC
Expect-CT: max-age=604800, report-uri="https://report-uri.cloudflare.com/cdn-cgi/beacon/expect-ct"
X-Content-Type-Options: nosniff
Server: cloudflare
CF-RAY: 72d2bf3c2f2b881f-SIN
Content-Encoding: gzip
alt-svc: h3=":443"; ma=86400, h3-29=":443"; ma=86400

{
    "phone_number": "+6281382648636",
    "expired": 600,
    "expired_datetime": "2022-07-19T17:34:31+07:00"
}
]]></system-out>
  </testcase>
  <testcase name="search" classname="PPProd.partaiperindo" time="0.229">
    <system-out><![CDATA[HTTP/1.1 200 OK
Date: Tue, 19 Jul 2022 10:24:47 GMT
Content-Type: application/json; charset=UTF-8
Transfer-Encoding: chunked
Connection: keep-alive
Vary: Origin
Strict-Transport-Security: max-age=31536000; includeSubDomains; preload
CF-Cache-Status: DYNAMIC
Expect-CT: max-age=604800, report-uri="https://report-uri.cloudflare.com/cdn-cgi/beacon/expect-ct"
X-Content-Type-Options: nosniff
Server: cloudflare
CF-RAY: 72d2bfdae8336c27-SIN
Content-Encoding: gzip
alt-svc: h3=":443"; ma=86400, h3-29=":443"; ma=86400

{
    "meta": {
        "more_data": true
    },
    "data": [
        {
            "section": "rumah-perindo",
            "data": [
                {
                    "type": "dpp",
                    "id": "1",
                    "details": {
                        "name": "SEKRETARIAT DPP PARTAI PERINDO",
                        "photo": {
                            "String": "https://api.partaiperindo.com/statics/member/foto_dp/dpp-group-1247.png",
                            "Valid": true
                        },
                        "ketua": "Hary Tanoesoedibjo",
                        "sekretaris": "Ahmad Rofiq",
                        "bendahara": "Henry Suparman",
                        "address": "Jl. Pangeran Diponegoro 29 Menteng, Jakarta Pusat 10310",
                        "email": {
                            "String": "sekretariat@partaiperindo.com",
                            "Valid": true
                        },
                        "latitude": "-6.2007290",
                        "longitude": "-6.2007290"
                    }
                },
                {
                    "type": "dpd",
                    "id": "1",
                    "details": {
                        "name": "DPD PARTAI PERINDO KAB. PIDIE",
                        "photo": {
                            "String": "",
                            "Valid": false
                        },
                        "ketua": "",
                        "sekretaris": "",
                        "bendahara": "",
                        "address": "Jl. Prof. A. Majid Ibrahim No.5 Kel. Lampeudeu Baroh Kec. Pidie",
                        "email": {
                            "String": "",
                            "Valid": false
                        },
                        "latitude": "0.0000000",
                        "longitude": "0.0000000"
                    }
                },
                {
                    "type": "dpd",
                    "id": "2",
                    "details": {
                        "name": "DPD PARTAI PERINDO KOTA SABANG",
                        "photo": {
                            "String": "",
                            "Valid": false
                        },
                        "ketua": "",
                        "sekretaris": "",
                        "bendahara": "",
                        "address": "Jl. Cut Nyak Dhien, Kel. Kuta Timu, Kec. Sukakarya",
                        "email": {
                            "String": "",
                            "Valid": false
                        },
                        "latitude": "0.0000000",
                        "longitude": "0.0000000"
                    }
                },
                {
                    "type": "dpd",
                    "id": "3",
                    "details": {
                        "name": "DPD PARTAI PERINDO KOTA BANDA ACEH",
                        "photo": {
                            "String": "",
                            "Valid": false
                        },
                        "ketua": "",
                        "sekretaris": "",
                        "bendahara": "",
                        "address": "Jl. Teuku Nyak Arief Ds. Lamgugob Kec. Syiah Kuala, Kota Banda Aceh - 23115",
                        "email": {
                            "String": "",
                            "Valid": false
                        },
                        "latitude": "5.5771506",
                        "longitude": "5.5771506"
                    }
                },
                {
                    "type": "dpw",
                    "id": "1",
                    "details": {
                        "name": "DPW PARTAI PERINDO ACEH",
                        "photo": {
                            "String": "https://api.partaiperindo.com/statics/member/foto_dp/dpw-dpw-aceh.jpg",
                            "Valid": true
                        },
                        "ketua": "",
                        "sekretaris": "",
                        "bendahara": "",
                        "address": "Jl. Teuku Nyak Arief Ds. Lamgugob Kec. Syiah Kuala, Kota Banda Aceh - 23115",
                        "email": {
                            "String": "dpw.aceh@partaiperindo.com",
                            "Valid": true
                        },
                        "latitude": "5.5771506",
                        "longitude": "5.5771506"
                    }
                },
                {
                    "type": "dpw",
                    "id": "2",
                    "details": {
                        "name": "DPW PARTAI PERINDO SUMATERA BARAT",
                        "photo": {
                            "String": "",
                            "Valid": false
                        },
                        "ketua": "",
                        "sekretaris": "",
                        "bendahara": "",
                        "address": "Jl. Batang Agam No.05, Kel. Rimbo Kaluang Kec. Padang Barat – Kota Padang",
                        "email": {
                            "String": "dpw.sumbar@partaiperindo.com",
                            "Valid": true
                        },
                        "latitude": "-0.9266200",
                        "longitude": "-0.9266200"
                    }
                },
                {
                    "type": "dpw",
                    "id": "3",
                    "details": {
                        "name": "DPW PARTAI PERINDO RIAU",
                        "photo": {
                            "String": "",
                            "Valid": false
                        },
                        "ketua": "",
                        "sekretaris": "",
                        "bendahara": "",
                        "address": "Jl. Borobudur No. 1, Kel. Simpang Empat Kec. Pekanbaru Kota – Kota Pekanbaru",
                        "email": {
                            "String": "dpw.riau@partaiperindo.com",
                            "Valid": true
                        },
                        "latitude": "0.5185440",
                        "longitude": "0.5185440"
                    }
                }
            ]
        },
        {
            "section": "gallery",
            "data": [
                {
                    "type": "gallery",
                    "id": "651",
                    "details": {
                        "type": "video",
                        "asset": {
                            "String": "",
                            "Valid": false
                        },
                        "embed": {
                            "String": "wLPO3FuThl4",
                            "Valid": true
                        },
                        "description": "Alhamdulillah, Partai Perindo Sumut Hadirkan Senyum Warga Kota Medan Lewat Pembagian Daging Kurban\r\n"
                    }
                },
                {
                    "type": "gallery",
                    "id": "644",
                    "details": {
                        "type": "video",
                        "asset": {
                            "String": "",
                            "Valid": false
                        },
                        "embed": {
                            "String": "JCW3jSz6khQ",
                            "Valid": true
                        },
                        "description": "Menembus Hujan, Anggota Dewan Partai Perindo Bagikan Daging Kurban ke Rumah Warga Rejang Lebong\r\n"
                    }
                },
                {
                    "type": "gallery",
                    "id": "658",
                    "details": {
                        "type": "video",
                        "asset": {
                            "String": "",
                            "Valid": false
                        },
                        "embed": {
                            "String": "vV2x_TT-fTk",
                            "Valid": true
                        },
                        "description": "RPA Perindo Perjuangan Hak-Hak Perempuan dan Anak Maluku\r\n"
                    }
                },
                {
                    "type": "gallery",
                    "id": "23",
                    "details": {
                        "type": "video",
                        "asset": {
                            "String": "",
                            "Valid": false
                        },
                        "embed": {
                            "String": "QldwYAZf6EY",
                            "Valid": true
                        },
                        "description": "Mars Partai Perindo adalah nada perjuangan untuk memberikan keyakinan bahwa ikhtiar kepartaian merupakan kunci kemajuan, kesejahteraan bangsa & negara"
                    }
                },
                {
                    "type": "gallery",
                    "id": "22",
                    "details": {
                        "type": "video",
                        "asset": {
                            "String": "",
                            "Valid": false
                        },
                        "embed": {
                            "String": "U475fVAaP5s",
                            "Valid": true
                        },
                        "description": "Pidato Ketua Umum\r\n\r\nPeluncuran Logo baru Partai Perindo, lahir baru dengan semangat baru dan strategi baru untuk Indonesia sejahtera."
                    }
                }
            ]
        },
        {
            "section": "related-pages",
            "data": [
                {
                    "type": "about",
                    "id": "12",
                    "details": {
                        "title": " Pidato Kebangsaan ### Ketum Partai Perindo Bapak Hary Tanoesoedibjo",
                        "description": "Ketua Umum Partai Perindo Harry Tanoesoedibjo menyampaikan Pidato Kebangsaan pada peringatan HUT ke-7 Partai Perindo, Jumat (8/10/2021)."
                    }
                },
                {
                    "type": "about",
                    "id": "11",
                    "details": {
                        "title": "Doa & Harapan ### Presiden RI Joko Widodo untuk Partai Perindo di HUT ke-7",
                        "description": "Presiden RI Joko Widodo menyampaikan pidato pada acara HUT ke-7 Partai Perindo. "
                    }
                },
                {
                    "type": "about",
                    "id": "10",
                    "details": {
                        "title": "Periode Kedua ###Jokowi",
                        "description": "<p>Pada Pemilihan Presiden 2019, Partai Perindo dengan tegas mendukung keberlanjutan kerja Presiden Joko Widodo. Sesuai dengan jiwa dan khidmat gerak juang Partai Perindo bahwa ikhtiar politik demi Indonesia Maju dan Sejahtera harus dilakukan tanpa bertele-tele, sehingga dukungan terhadap Presiden Joko Widodo untuk meneruskan upaya pembangunan Indonesia merupakan keniscayaan.<br/></p>"
                    }
                },
                {
                    "type": "about",
                    "id": "9",
                    "details": {
                        "title": "Capaian ###Pemilu 2019",
                        "description": "<p>Partai Perindo sebagai kekuatan politik yang baru lahir ditengah partai-partai lama Indonesia, telah berhasil meraih 29 kursi DPRD Propinsi dan 379 DPRD Kabupaten&#x2F;Kota. Dengan raihan suara 3.738.320 secara nasional, Partai Perindo merupakan partai politik yang paling tinggi diantara 7 partai politik non ambang batas DPR RI lainnya.<br/><br/>Hal ini adalah modal dasar terkuat dan terpenting bagi Partai Perindo untuk melesat lebih jauh di Pemilu 2024 mendatang.</p>"
                    }
                },
                {
                    "type": "about",
                    "id": "8",
                    "details": {
                        "title": "Filosofi ###Logo",
                        "description": "<p>Burung Garuda dengan masing-masing sayap memiliki lima helai melambangkan NKRI dengan Pancasila sebagai dasar Pijakan.<br/><br/>Kepala Garuda menghadap kekanan menggambarkan sikap Partai yang selalu maju berjuang untuk mewujudkan visi Partai yaitu Indonesia Sejahtera.<br/><br/>Warna merah melambangkan keberanian, kekuatan dan semangat tanpa pernah menyerah dalam membangun Indonesia Sejahtera.<br/><br/>Warna Putih melambangkan Kejujuran, Keterbukaan, dan Ketulusan dalam berjuang.<br/><br/>Warna Biru melambangkan Kepercayaan, Kebijaksanaan, dan Konsistensi dalam Berjuang.<br/><br/>Sayap yang terbentang melambangkan sikap Partai Perindo siap berjuang tanpa berhenti, tanpa mengenal lelah untuk mewujudkan Indonesia Sejahtera serta berperan aktif dalam menjaga Persatuan dan Kesatuan Bangsa.</p>"
                    }
                }
            ]
        },
        {
            "section": "news",
            "data": [
                {
                    "type": "news",
                    "id": "3765",
                    "details": {
                        "slug": "soal-pembentukan-provinsi-jakarta-raya-begini-kata-partai-perindo-dki",
                        "thumbnail": {
                            "String": "https://api.partaiperindo.com/statics/content/news/2022/07/thumbnail-effendi2-1658218342173048937.jpg",
                            "Valid": false
                        },
                        "cat_id": 9,
                        "title": "Soal Pembentukan Provinsi Jakarta Raya, Begini Kata Partai Perindo DKI",
                        "news_date": "2022-07-19T15:10:07+07:00"
                    }
                },
                {
                    "type": "news",
                    "id": "3763",
                    "details": {
                        "slug": "politisi-partai-perindo-palangka-raya-gemar-membaca-di-era-globalisasi-dinilai-cenderung-menurun",
                        "thumbnail": {
                            "String": "https://api.partaiperindo.com/statics/content/news/2022/07/thumbnail-1658190728-1-1658211128145287927.jpg",
                            "Valid": false
                        },
                        "cat_id": 5,
                        "title": "Politisi Partai Perindo Palangka Raya: Gemar Membaca di Era Globalisasi Dinilai Cenderung Menurun",
                        "news_date": "2022-07-19T13:11:57+07:00"
                    }
                },
                {
                    "type": "news",
                    "id": "3761",
                    "details": {
                        "slug": "timnas-bulu-tangkis-juara-umum-di-singapore-open-2022-pemuda-perindo-kebanggaan-buat-kita",
                        "thumbnail": {
                            "String": "https://api.partaiperindo.com/statics/content/news/2022/07/thumbnail-master_97q5ip2qm5_684_bulu_tangkis-1658208806925596802.jpg",
                            "Valid": false
                        },
                        "cat_id": 12,
                        "title": "Timnas Bulu Tangkis Juara Umum di Singapore Open 2022, Pemuda Perindo: Kebanggaan Buat Kita",
                        "news_date": "2022-07-19T12:33:46+07:00"
                    }
                },
                {
                    "type": "news",
                    "id": "3766",
                    "details": {
                        "slug": "soal-kuota-haji-khusus-lansia-partai-perindo-harus-diikuti-dengan-persiapan-pelayanan",
                        "thumbnail": {
                            "String": "https://api.partaiperindo.com/statics/content/news/2022/07/thumbnail-khaliq-1-1658225697433414584.jpg",
                            "Valid": false
                        },
                        "cat_id": 16,
                        "title": "Soal Kuota Haji Khusus Lansia, Partai Perindo: Harus Diikuti dengan Persiapan Pelayanan",
                        "news_date": "2022-07-19T17:14:54+07:00"
                    }
                },
                {
                    "type": "news",
                    "id": "3764",
                    "details": {
                        "slug": "legislator-partai-perindo-mimika-berharap-disnakertrans-bekali-kompetensi-pencaker-oap",
                        "thumbnail": {
                            "String": "https://api.partaiperindo.com/statics/content/news/2022/07/thumbnail-aloisius-paerong-1658215917792209946.jpg",
                            "Valid": false
                        },
                        "cat_id": 5,
                        "title": "Legislator Partai Perindo Mimika Berharap Disnakertrans Bekali Kompetensi Pencaker OAP",
                        "news_date": "2022-07-19T14:32:03+07:00"
                    }
                },
                {
                    "type": "news",
                    "id": "3762",
                    "details": {
                        "slug": "partai-perindo-dukung-pemerintah-tegas-terhadap-facebook-twitter-dan-google-perlu-shock-therapy",
                        "thumbnail": {
                            "String": "https://api.partaiperindo.com/statics/content/news/2022/07/thumbnail-nuning2-1658209320036610832.jpg",
                            "Valid": false
                        },
                        "cat_id": 16,
                        "title": "Partai Perindo Dukung Pemerintah Tegas terhadap Facebook, Twitter, dan Google: Perlu Shock Therapy ",
                        "news_date": "2022-07-19T12:40:52+07:00"
                    }
                },
                {
                    "type": "news",
                    "id": "3760",
                    "details": {
                        "slug": "lolos-verifikasi-internal-peserta-pemilu-partai-perindo-diy-tancap-gas-menuju-pemilu-2024",
                        "thumbnail": {
                            "String": "https://api.partaiperindo.com/statics/content/news/2022/07/thumbnail-yuni-astuti-1658198076075094713.jpg",
                            "Valid": false
                        },
                        "cat_id": 10,
                        "title": "Lolos Verifikasi Internal Peserta Pemilu, Partai Perindo DIY Tancap Gas Menuju Pemilu 2024",
                        "news_date": "2022-07-19T09:29:54+07:00"
                    }
                },
                {
                    "type": "news",
                    "id": "3759",
                    "details": {
                        "slug": "partai-perindo-sarolangun-jaring-bacaleg-dari-kalangan-milenial",
                        "thumbnail": {
                            "String": "https://api.partaiperindo.com/statics/content/news/2022/07/thumbnail-perindo_sarolangun-1658194175255349654.jpg",
                            "Valid": false
                        },
                        "cat_id": 10,
                        "title": "Partai Perindo Sarolangun Jaring Bacaleg dari Kalangan Milenial",
                        "news_date": "2022-07-19T08:26:11+07:00"
                    }
                },
                {
                    "type": "news",
                    "id": "3758",
                    "details": {
                        "slug": "wacana-depok-gabung-jakarta-partai-perindo-dki-paparkan-tiga-hal-yang-perlu-menjadi-pertimbangan",
                        "thumbnail": {
                            "String": "https://api.partaiperindo.com/statics/content/news/2022/07/thumbnail-wacana-depok-gabung-jakarta-perindo-paparkan-tiga-hal-yang-perlu-menjadi-pertimbangan-xud-1658193587571556497.jpg",
                            "Valid": false
                        },
                        "cat_id": 16,
                        "title": "Wacana Depok Gabung Jakarta, Partai Perindo DKI Paparkan Tiga Hal yang Perlu Menjadi Pertimbangan",
                        "news_date": "2022-07-19T08:14:50+07:00"
                    }
                },
                {
                    "type": "news",
                    "id": "3757",
                    "details": {
                        "slug": "podcast-aksi-nyata-ungkap-cara-cari-cuan-lewat-tiktok",
                        "thumbnail": {
                            "String": "https://api.partaiperindo.com/statics/content/news/2022/07/thumbnail-podcast-aksi-nyata-ungkap-cara-cari-cuan-lewat-tiktok-kga-1658192826130698106.webp",
                            "Valid": false
                        },
                        "cat_id": 13,
                        "title": "Podcast AkSI Nyata Ungkap Cara Cari Cuan lewat TikTok",
                        "news_date": "2022-07-19T08:05:36+07:00"
                    }
                }
            ]
        },
        {
            "section": "kepartaian",
            "data": [
                {
                    "type": "sayap-perindo",
                    "id": "6",
                    "details": {
                        "title": "Pemuda Perindo",
                        "logo": "https://api.partaiperindo.com/statics/content/sayapperindo/logo-pemuda-perindo-80x80-1653636964264513936.png"
                    }
                },
                {
                    "type": "sayap-perindo",
                    "id": "5",
                    "details": {
                        "title": "Kartini Perindo",
                        "logo": "https://api.partaiperindo.com/statics/content/sayapperindo/logo-rounded-image-logo-sayap-kartini-perindo-300x300px-1649311623073915676.png"
                    }
                }
            ]
        },
        {
            "section": "events",
            "data": [
                {
                    "type": "event",
                    "id": "15",
                    "details": {
                        "slug": "kompetisi-cover-mars-perindo",
                        "thumbnail": "https://api.partaiperindo.com/statics/content/event/thumb-floating-banner-aa4db0e-min.jpeg",
                        "title": "Kompetisi Cover Mars Perindo",
                        "event_start_date": "2021-08-06T00:00:00+07:00",
                        "event_end_date": "2021-08-22T00:00:00+07:00"
                    }
                },
                {
                    "type": "event",
                    "id": "16",
                    "details": {
                        "slug": "giat-vaksinasi-partai-perindo-di-lido-lake-resort",
                        "thumbnail": "https://api.partaiperindo.com/statics/content/event/thumb-whatsapp-image-2021-09-26-at-20-36-08.jpeg",
                        "title": "Giat Vaksinasi Partai Perindo di Lido Lake Resort",
                        "event_start_date": "2021-09-26T00:00:00+07:00",
                        "event_end_date": "2021-09-26T00:00:00+07:00"
                    }
                },
                {
                    "type": "event",
                    "id": "20",
                    "details": {
                        "slug": "info-giat-vaksinasi-partai-perindo",
                        "thumbnail": "https://api.partaiperindo.com/statics/content/event/thumb-whatsapp-image-2021-10-04-at-18-30-28-04-10-2021-07-23-28.jpeg",
                        "title": "Info Giat Vaksinasi Partai Perindo",
                        "event_start_date": "2021-09-27T00:00:00+07:00",
                        "event_end_date": "2021-09-27T00:00:00+07:00"
                    }
                },
                {
                    "type": "event",
                    "id": "17",
                    "details": {
                        "slug": "giat-vaksinasi-partai-perindo-di-kendal",
                        "thumbnail": "https://api.partaiperindo.com/statics/content/event/thumb-whatsapp-image-2021-10-04-at-18-21-18-04-10-2021-06-59-31.jpeg",
                        "title": "Giat Vaksinasi Partai Perindo di Kendal",
                        "event_start_date": "2021-10-02T00:00:01+07:00",
                        "event_end_date": "2021-10-02T23:00:03+07:00"
                    }
                },
                {
                    "type": "event",
                    "id": "18",
                    "details": {
                        "slug": "giat-vaksinasi-partai-perindo-di-kab-semarang",
                        "thumbnail": "https://api.partaiperindo.com/statics/content/event/thumb-whatsapp-image-2021-10-04-at-18-21-19-04-10-2021-07-03-59.jpeg",
                        "title": "Giat Vaksinasi Partai Perindo di Kab. Semarang",
                        "event_start_date": "2021-10-03T00:00:00+07:00",
                        "event_end_date": "2021-10-03T23:00:04+07:00"
                    }
                }
            ]
        }
    ]
}
]]></system-out>
  </testcase>
  <testcase name="getAllAksi" classname="PPProd.partaiperindo" time="0.103">
    <system-out><![CDATA[HTTP/1.1 200 OK
Date: Tue, 19 Jul 2022 10:24:48 GMT
Content-Type: application/json; charset=UTF-8
Transfer-Encoding: chunked
Connection: keep-alive
Vary: Origin
Strict-Transport-Security: max-age=31536000; includeSubDomains; preload
CF-Cache-Status: DYNAMIC
Expect-CT: max-age=604800, report-uri="https://report-uri.cloudflare.com/cdn-cgi/beacon/expect-ct"
X-Content-Type-Options: nosniff
Server: cloudflare
CF-RAY: 72d2bfdbfd4e878d-SIN
Content-Encoding: gzip
alt-svc: h3=":443"; ma=86400, h3-29=":443"; ma=86400

{
    "meta": {
        "total_data": 14
    },
    "data": [
        {
            "cat_id": 2,
            "order_id": 2,
            "name": "Tokoh Kita",
            "description": {
                "String": "Berita, wawancara, dan opini tokoh Partai Perindo pusat dan daerah",
                "Valid": true
            }
        },
        {
            "cat_id": 3,
            "order_id": 3,
            "name": "Meja Kerja Ketua Umum",
            "description": {
                "String": "Berita, wawancara, dan opini Ketua Umum Partai Perindo",
                "Valid": true
            }
        },
        {
            "cat_id": 4,
            "order_id": 4,
            "name": "Meja Kerja Wamenparekraf",
            "description": {
                "String": "Berita, wawancara, dan opini Wakil Menteri Pariwisata dan Ekonomi Kreatif",
                "Valid": true
            }
        },
        {
            "cat_id": 5,
            "order_id": 5,
            "name": "Meja Wakil Rakyat",
            "description": {
                "String": "Berita tentang anggota DPRD Partai Perindo",
                "Valid": true
            }
        },
        {
            "cat_id": 6,
            "order_id": 6,
            "name": "Meja Presiden",
            "description": {
                "String": "Berita tentang Presiden Joko Widodo",
                "Valid": true
            }
        },
        {
            "cat_id": 7,
            "order_id": 7,
            "name": "Covid19",
            "description": {
                "String": "Berita tentang vaksinasi Covid 19, kontribusi Partai Perindo, dan yang terkait",
                "Valid": true
            }
        },
        {
            "cat_id": 8,
            "order_id": 8,
            "name": "Peduli Sosial",
            "description": {
                "String": "Berita tentang kegiatan sosial kemasyarakatan Partai Perindo",
                "Valid": true
            }
        },
        {
            "cat_id": 9,
            "order_id": 9,
            "name": "Politik Nasional",
            "description": {
                "String": "Berita tentang isu kontemporer kepemiluan",
                "Valid": true
            }
        },
        {
            "cat_id": 10,
            "order_id": 10,
            "name": "Pemilu",
            "description": {
                "String": "Berita tentang isu Pemilu Presiden, Pemilu Legislatif",
                "Valid": true
            }
        },
        {
            "cat_id": 11,
            "order_id": 11,
            "name": "Pilkada",
            "description": {
                "String": "Berita tentang isu Pilkada, dukungan Partai Perindo kepada calon kepala daerah",
                "Valid": true
            }
        }
    ]
}
]]></system-out>
  </testcase>
  <testcase name="getAksiDetail" classname="PPProd.partaiperindo" time="0.17">
    <system-out><![CDATA[HTTP/1.1 200 OK
Date: Tue, 19 Jul 2022 10:24:48 GMT
Content-Type: application/json; charset=UTF-8
Transfer-Encoding: chunked
Connection: keep-alive
Vary: Origin
Strict-Transport-Security: max-age=31536000; includeSubDomains; preload
CF-Cache-Status: DYNAMIC
Expect-CT: max-age=604800, report-uri="https://report-uri.cloudflare.com/cdn-cgi/beacon/expect-ct"
X-Content-Type-Options: nosniff
Server: cloudflare
CF-RAY: 72d2bfdcedad01cd-SIN
Content-Encoding: gzip
alt-svc: h3=":443"; ma=86400, h3-29=":443"; ma=86400

{
    "news_id": 2631,
    "slug": "partai-perindo-bali-komit-jaga-kamtibmas-jelang-pemilu-2024",
    "banner": {
        "String": "https://api.partaiperindo.com/statics/content/news/2022/03/banner-img-20220315-wa00262-800x445-1647412942007210962.jpg",
        "Valid": true
    },
    "banner_caption": {
        "String": "",
        "Valid": false
    },
    "thumbnail": {
        "String": "https://api.partaiperindo.com/statics/content/news/2022/03/thumbnail-img-20220315-wa00262-800x445-1647412942007566661.jpg",
        "Valid": true
    },
    "cat_id": 10,
    "title": "Partai Perindo Bali Komit Jaga Kamtibmas Jelang Pemilu 2024",
    "description": "<p><strong>BALI</strong> -- Dalam rangka menjaga Keamanan dan Ketertiban Masyarakat (Kamtibmas) agar tetap kondusif jelang Pemilu 2024, Polda Bali terus menjalin silaturahmi dengan pimpinan partai politik.<br/><br/>Selasa (15&#x2F;3&#x2F;2022), Polda Bali bersilaturahmi dengan jajaran pengurus DPW Partai Perindo Bali.<br/><br/><strong>BACA JUGA: </strong><a href=\"https://partaiperindo.com/berita/polisi-tangkap-5-predator-anak-di-kediri-partai-perindo-apresiasi-kepolisian\" target=\"_blank\"><strong>Polisi Tangkap 5 Predator Anak di Kediri, Partai Perindo Apresiasi Kepolisian</strong></a><br/> <br/>Tampak hadir dalam silaturahmi yang berlangsung di Duta <em>Orchid Garden</em> Jalan <em>By Pass</em> Ngurah Rai nomor 21X Denpasar Timur ini, Ketua DPW Partai Perindo Bali Komang Purnama didampingi Wakil Ketua Bidang Keanggotaan dan Organisasi Aritona dan Wakil Ketua Bidang Hukum Deni Sedana.<br/><br/>“Kamtibmas itu milik kita bersama. Semua warga negara Indonesia harus menjaga situasi Kamtibmas. Partai Perindo Bali tentu memiliki komitmen yang kuat dalam menjaga Kamtibmas ini, dan akan senantiasa bersinergi dengan Polda Bali,” kata Komang Purnama dalam silaturahmi tersebut.<br/><br/>Komang Purnama yang kini menahkodai DPW Perindo Bali setelah mendapatkan SK DPP Partai Perindo tanggal 14 Februari 2022, mengaku saat ini sedang melakukan konsolidasi kepengurusan. <br/><br/>Selain itu, pihaknya fokus mempersiapkan diri menghadapi verifikasi faktual pada pertengahan 2022 ini.<br/><br/><strong>BACA JUGA: Untuk informasi tahapan dan mekanisme Konvensi Rakyat, kunjungi </strong><a href=\"https://konvensirakyat.com/\" target=\"_blank\"><strong>konvensirakyat.com</strong></a><br/><br/>Bersamaan dengan itu, Partai Perindo Bali juga menyiapkan program-program yang berpihak pada kepentingan rakyat.<br/><br/>&quot;Kita juga menyiapkan program kerja yang berpihak pada kepentingan masyarakat,” ucapnya.<br/><br/>Sementara itu, Kasubdit I Ditintelkam Polda Bali AKBP Ni Nyoman Wismawati mengucapkan selamat kepada Komang Purnama sebagai Ketua DPW Partai Perindo Bali yang baru.<br/><br/>“Ditintelkam Polda Bali membutuhkan informasi kegiatan yang dilakukan oleh parpol khususnya Partai Perindo, agar nantinya kegiatan tersebut dapat berjalan dengan aman dan lancar,” jelas Wismawati dalam silaturahmi tersebut.<br/><br/><strong>BACA JUGA: Untuk informasi dan keanggotaan, kunjungi </strong><a href=\"https://member.partaiperindo.com/?_gl=1*fe24gq*_ga*OTU0MDMyODYxLjE1MjQyMTA2OTg.*_ga_F1L7J6WSC2*MTY0NjcyMTc0Ni4xMzUuMS4xNjQ2NzIyNTY5LjA.#/daftar\" target=\"_blank\"><strong>http:&#x2F;&#x2F;bit.ly&#x2F;MemberPartaiPerindo</strong></a><br/><br/>Pihaknya akan terus berkoordinasi dengan parpol melalui penghubung yang terus mengupdate informasi. Sinergitas Polda Bali dengan parpol khususnya Partai Perindo harus terus dijaga.<br/><br/><a href=\"http://www.baliekbis.com/komang-purnama-perindo-bali-komit-jaga-kamtibmas-jelang-pemilu/\" target=\"_blank\"><strong>Balieksbis</strong></a><br/></p>",
    "news_date": "2022-03-16T13:40:52+07:00",
    "tags": {
        "String": "",
        "Valid": false
    },
    "featured": {
        "Bool": true,
        "Valid": true
    }
}
]]></system-out>
  </testcase>
  <testcase name="failed_getAksiNotFound" classname="PPProd.partaiperindo" time="0.132">
    <system-out><![CDATA[HTTP/1.1 404 Not Found
Date: Tue, 19 Jul 2022 10:24:48 GMT
Content-Type: text/plain; charset=UTF-8
Content-Length: 9
Connection: keep-alive
Vary: Origin
CF-Cache-Status: DYNAMIC
Expect-CT: max-age=604800, report-uri="https://report-uri.cloudflare.com/cdn-cgi/beacon/expect-ct"
Strict-Transport-Security: max-age=31536000; includeSubDomains; preload
X-Content-Type-Options: nosniff
Server: cloudflare
CF-RAY: 72d2bfde1ea7a083-SIN
alt-svc: h3=":443"; ma=86400, h3-29=":443"; ma=86400

Not Found
]]></system-out>
  </testcase>
  <testcase name="getListAgenda" classname="PPProd.partaiperindo" time="0.221">
    <system-out><![CDATA[HTTP/1.1 200 OK
Date: Tue, 19 Jul 2022 10:24:48 GMT
Content-Type: application/json; charset=UTF-8
Transfer-Encoding: chunked
Connection: keep-alive
Vary: Origin
Strict-Transport-Security: max-age=31536000; includeSubDomains; preload
CF-Cache-Status: DYNAMIC
Expect-CT: max-age=604800, report-uri="https://report-uri.cloudflare.com/cdn-cgi/beacon/expect-ct"
X-Content-Type-Options: nosniff
Server: cloudflare
CF-RAY: 72d2bfdedc6b1700-SIN
Content-Encoding: gzip
alt-svc: h3=":443"; ma=86400, h3-29=":443"; ma=86400

{
    "meta": {
        "total_data": 42
    },
    "data": [
        {
            "event_id": 15,
            "slug": "kompetisi-cover-mars-perindo",
            "banner": "https://api.partaiperindo.com/statics/content/event/banner-floating-banner-aa4db0e.jpeg",
            "thumbnail": "https://api.partaiperindo.com/statics/content/event/thumb-floating-banner-aa4db0e-min.jpeg",
            "title": "Kompetisi Cover Mars Perindo",
            "description": "<p><strong>PERSYARATAN KOMPETISI COVER MARS PERINDO</strong></p><ol><li>Pria ataupun Wanita Warga Negara Indonesia minimal berusia 17 tahun.</li><li>Memiliki Kewarganegaraan dan memiliki kartu identitas diri yang masih berlaku (KTP&#x2F;SIM&#x2F; KK&#x2F; Paspor&#x2F; KITAS&#x2F; KITAP) untuk verifikasi.</li><li>Cover &amp; Aransemen Mars Perindo sesuai dengan kreativitasmu yang penting asyik!</li><li>Tidak boleh mengubah atau mengganti lirik Mars Perindo.</li><li>Rekam Video kamu dengan durasi maksimal 2 menit</li><li>Kreativitas cover musik tidak mengandung SARA, pornografi, kekerasan verbal dan fisik juga tidak menyebarkan ujaran kebencian dan harus orisinil (bukan karya milik orang lain).</li><li>JOIN Kompetisi Mars Perindo di Fitur HOT aplikasi RCTI+.</li><li>UPLOAD video kamu ke applikasi dengan format: CoverMarsPerindo [spasi] NAMA</li><li>Periode Upload: 6-22 Agustus 2021</li></ol>",
            "event_start_date": "2021-08-06T00:00:00+07:00",
            "event_end_date": "2021-08-22T00:00:00+07:00",
            "featured": {
                "Bool": true,
                "Valid": true
            }
        },
        {
            "event_id": 16,
            "slug": "giat-vaksinasi-partai-perindo-di-lido-lake-resort",
            "banner": "https://api.partaiperindo.com/statics/content/event/banner-whatsapp-image-2021-09-26-at-20-36-08.jpeg",
            "thumbnail": "https://api.partaiperindo.com/statics/content/event/thumb-whatsapp-image-2021-09-26-at-20-36-08.jpeg",
            "title": "Giat Vaksinasi Partai Perindo di Lido Lake Resort",
            "description": "<p>Dalam rangka HUT Partai Perindo ke-7, dilaksanakan kegiatan vaksinasi massal pada 7 titik di berbagai daerah Indonesia, mulai 27 September hingga 8 Oktober 2021. Kegiatan pertama diawali di Lido Lake Resort, Bogor, 27 September 2021.</p>",
            "event_start_date": "2021-09-26T00:00:00+07:00",
            "event_end_date": "2021-09-26T00:00:00+07:00",
            "featured": {
                "Bool": true,
                "Valid": true
            }
        },
        {
            "event_id": 20,
            "slug": "info-giat-vaksinasi-partai-perindo",
            "banner": "https://api.partaiperindo.com/statics/content/event/banner-whatsapp-image-2021-10-04-at-18-30-28-04-10-2021-07-22-11.jpeg",
            "thumbnail": "https://api.partaiperindo.com/statics/content/event/thumb-whatsapp-image-2021-10-04-at-18-30-28-04-10-2021-07-23-28.jpeg",
            "title": "Info Giat Vaksinasi Partai Perindo",
            "description": "<p>Dalam rangka HUT Partai Perindo ke-7, dilaksanakan kegiatan vaksinasi massal pada 7 titik di berbagai daerah Indonesia, mulai 27 September hingga 8 Oktober 2021.  Beirut rincian waktu dan lokasi pelaksanaan.</p>",
            "event_start_date": "2021-09-27T00:00:00+07:00",
            "event_end_date": "2021-09-27T00:00:00+07:00",
            "featured": {
                "Bool": true,
                "Valid": true
            }
        },
        {
            "event_id": 17,
            "slug": "giat-vaksinasi-partai-perindo-di-kendal",
            "banner": "https://api.partaiperindo.com/statics/content/event/banner-whatsapp-image-2021-10-04-at-18-21-18-04-10-2021-06-59-22.jpeg",
            "thumbnail": "https://api.partaiperindo.com/statics/content/event/thumb-whatsapp-image-2021-10-04-at-18-21-18-04-10-2021-06-59-31.jpeg",
            "title": "Giat Vaksinasi Partai Perindo di Kendal",
            "description": "<p>Dalam rangka HUT Partai Perindo ke-7, dilaksanakan kegiatan vaksinasi massal pada 7 titik di berbagai daerah Indonesia, mulai 27 September hingga 8 Oktober 2021.  Ini lokasi kegiatan di Kabupaten Kendal, Jawa Tengah.</p>",
            "event_start_date": "2021-10-02T00:00:01+07:00",
            "event_end_date": "2021-10-02T23:00:03+07:00",
            "featured": {
                "Bool": true,
                "Valid": true
            }
        },
        {
            "event_id": 18,
            "slug": "giat-vaksinasi-partai-perindo-di-kab-semarang",
            "banner": "https://api.partaiperindo.com/statics/content/event/banner-whatsapp-image-2021-10-04-at-18-21-19-04-10-2021-07-03-52.jpeg",
            "thumbnail": "https://api.partaiperindo.com/statics/content/event/thumb-whatsapp-image-2021-10-04-at-18-21-19-04-10-2021-07-03-59.jpeg",
            "title": "Giat Vaksinasi Partai Perindo di Kab. Semarang",
            "description": "<p>Dalam rangka HUT Partai Perindo ke-7, dilaksanakan kegiatan vaksinasi massal pada 7 titik di berbagai daerah Indonesia, mulai 27 September hingga 8 Oktober 2021. Ini lokasi dan waktu pelaksanaan di Kabupaten Semarang.</p>",
            "event_start_date": "2021-10-03T00:00:00+07:00",
            "event_end_date": "2021-10-03T23:00:04+07:00",
            "featured": {
                "Bool": true,
                "Valid": true
            }
        },
        {
            "event_id": 19,
            "slug": "giat-vaksinasi-partai-perindo-di-kota-semarang",
            "banner": "https://api.partaiperindo.com/statics/content/event/banner-whatsapp-image-2021-10-04-at-18-21-18-2-04-10-2021-07-06-02.jpeg",
            "thumbnail": "https://api.partaiperindo.com/statics/content/event/thumb-whatsapp-image-2021-10-04-at-18-21-18-2-04-10-2021-07-06-07.jpeg",
            "title": "Giat Vaksinasi Partai Perindo di Kota Semarang",
            "description": "<p>Dalam rangka HUT Partai Perindo ke-7, dilaksanakan kegiatan vaksinasi massal pada 7 titik di berbagai daerah Indonesia, mulai 27 September hingga 8 Oktober 2021. Ini lokasi dan waktu pelaksanaan vaksinasi di Kota Semarang.</p>",
            "event_start_date": "2021-10-05T00:00:00+07:00",
            "event_end_date": "2021-10-05T23:00:00+07:00",
            "featured": {
                "Bool": true,
                "Valid": true
            }
        },
        {
            "event_id": 30,
            "slug": "pemenang-audio-cover-mars-perindo-fase-1",
            "banner": "https://api.partaiperindo.com/statics/content/event/banner-whatsapp-image-2021-10-08-at-17-27-36-08-10-2021-09-18-30.jpeg",
            "thumbnail": "https://api.partaiperindo.com/statics/content/event/thumb-gagas-konvensi-rakyat-berbasis-digital-ht-saatnya-perindo-ukir-sejarah-opx-08-10-2021-09-19-38.jpg",
            "title": "PEMENANG AUDIO COVER MARS PERINDO (FASE 1)",
            "description": "<p>Berikut Pemenang Audio Cover Mars Perindo (Fase 1):</p><ul><li>EVER SLKR</li><li>TIAN STORM</li><li>FIAN PAHLEVI</li><li>JOYFLOWTIN</li><li>YOHANES RIZKY</li></ul><p><br/></p>",
            "event_start_date": "2021-10-07T00:00:00+07:00",
            "event_end_date": "2021-10-07T00:00:00+07:00",
            "featured": {
                "Bool": true,
                "Valid": true
            }
        },
        {
            "event_id": 27,
            "slug": "ikuti-kompetisi-video-kreasi-mars-perindo-fase-2",
            "banner": "https://api.partaiperindo.com/statics/content/event/banner-whatsapp-image-2021-10-08-at-17-32-30-08-10-2021-06-54-13.jpeg",
            "thumbnail": "https://api.partaiperindo.com/statics/content/event/thumb-whatsapp-image-2021-10-08-at-17-32-30-08-10-2021-06-54-24.jpeg",
            "title": "IKUTI KOMPETISI VIDEO KREASI MARS PERINDO (FASE 2)",
            "description": "<p>Ikuti kompetisi Video Kreasi Mars Perindo (Fase 2). Dapatkan hadiah jutaan rupiah dari kreasimu. Lihat persyaratannya di bagian lain laman agenda.</p>",
            "event_start_date": "2021-10-08T01:00:00+07:00",
            "event_end_date": "2021-10-08T01:00:00+07:00",
            "featured": {
                "Bool": true,
                "Valid": true
            }
        }
    ]
}
]]></system-out>
  </testcase>
  <testcase name="getListAgendaDetail" classname="PPProd.partaiperindo" time="0.123">
    <system-out><![CDATA[HTTP/1.1 200 OK
Date: Tue, 19 Jul 2022 10:24:48 GMT
Content-Type: application/json; charset=UTF-8
Transfer-Encoding: chunked
Connection: keep-alive
Vary: Origin
Strict-Transport-Security: max-age=31536000; includeSubDomains; preload
CF-Cache-Status: DYNAMIC
Expect-CT: max-age=604800, report-uri="https://report-uri.cloudflare.com/cdn-cgi/beacon/expect-ct"
X-Content-Type-Options: nosniff
Server: cloudflare
CF-RAY: 72d2bfe049c0ab61-SIN
Content-Encoding: gzip
alt-svc: h3=":443"; ma=86400, h3-29=":443"; ma=86400

{
    "event_id": 47,
    "slug": "kompetisi-digital-aksi-nyata-darikamuuntukindonesia",
    "banner": "https://api.partaiperindo.com/statics/content/event/banner-whatsapp-image-2022-01-26-at-3-32-33-pm-26-01-2022-03-35-31.jpeg",
    "thumbnail": "https://api.partaiperindo.com/statics/content/event/thumb-whatsapp-image-2022-01-26-at-3-32-33-pm-26-01-2022-03-37-24.jpeg",
    "title": "Kompetisi Digital Aksi Nyata #DariKamuUntukIndonesia",
    "description": "<p>Partai Perindo menggelar Kompetisi Digital Video Pendek, Video Tiktok dan komik dengan Tema Bersatu Menginspirasi. Periode I dilaksanakan Multi 1 hinge 28 Februari 2022.</p>",
    "event_start_date": "2022-02-01T00:00:00+07:00",
    "event_end_date": "2022-02-28T00:00:00+07:00",
    "featured": {
        "Bool": true,
        "Valid": true
    }
}
]]></system-out>
  </testcase>
  <testcase name="failed_getListAgendaDetail" classname="PPProd.partaiperindo" time="0.149">
    <system-out><![CDATA[HTTP/1.1 404 Not Found
Date: Tue, 19 Jul 2022 10:24:48 GMT
Content-Type: text/plain; charset=UTF-8
Content-Length: 9
Connection: keep-alive
Vary: Origin
CF-Cache-Status: DYNAMIC
Expect-CT: max-age=604800, report-uri="https://report-uri.cloudflare.com/cdn-cgi/beacon/expect-ct"
Strict-Transport-Security: max-age=31536000; includeSubDomains; preload
X-Content-Type-Options: nosniff
Server: cloudflare
CF-RAY: 72d2bfe10b9e9e3b-SIN
alt-svc: h3=":443"; ma=86400, h3-29=":443"; ma=86400

Not Found
]]></system-out>
  </testcase>
  <testcase name="getmember" classname="PPProd.partaiperindo" time="1.955">
    <system-out><![CDATA[HTTP/1.1 201 Created
Date: Tue, 19 Jul 2022 10:24:49 GMT
Content-Type: application/json; charset=UTF-8
Content-Length: 136
Connection: keep-alive
Vary: Origin
Strict-Transport-Security: max-age=31536000; includeSubDomains; preload
CF-Cache-Status: DYNAMIC
Expect-CT: max-age=604800, report-uri="https://report-uri.cloudflare.com/cdn-cgi/beacon/expect-ct"
X-Content-Type-Options: nosniff
Server: cloudflare
CF-RAY: 72d2bfe229eaa3f4-SIN
alt-svc: h3=":443"; ma=86400, h3-29=":443"; ma=86400

{
    "phone_number": "+6281315402385",
    "token": "Qje5Ob666TTljolCqYRGYnGvMIPhGciMaD2YPNQjqlo=",
    "expired_datetime": "2022-07-20T17:24:33+07:00"
}
HTTP/1.1 200 OK
Date: Tue, 19 Jul 2022 10:24:50 GMT
Content-Type: application/json; charset=UTF-8
Transfer-Encoding: chunked
Connection: keep-alive
Vary: Origin
Strict-Transport-Security: max-age=31536000; includeSubDomains; preload
CF-Cache-Status: DYNAMIC
Expect-CT: max-age=604800, report-uri="https://report-uri.cloudflare.com/cdn-cgi/beacon/expect-ct"
X-Content-Type-Options: nosniff
Server: cloudflare
CF-RAY: 72d2bfed58c287ba-SIN
Content-Encoding: gzip
alt-svc: h3=":443"; ma=86400, h3-29=":443"; ma=86400

{
    "member_no": "3275029004200001",
    "nama_lengkap": "Ahmad Ramadhan",
    "tempat_lahir": "Jakarta",
    "tanggal_lahir": "1990-04-20",
    "jenis_kelamin": "L",
    "alamat": "Jl Bintara 12A no31 RT. 8 RW. 9, Bintara, Bekasi Barat, KOTA BEKASI, Jawa Barat",
    "phone_number": "+6281315402385"
}
]]></system-out>
  </testcase>
  <testcase name="listaspirasi" classname="PPProd.partaiperindo" time="0.151">
    <system-out><![CDATA[HTTP/1.1 200 OK
Date: Tue, 19 Jul 2022 10:24:50 GMT
Content-Type: application/json; charset=UTF-8
Transfer-Encoding: chunked
Connection: keep-alive
Vary: Origin
Strict-Transport-Security: max-age=31536000; includeSubDomains; preload
CF-Cache-Status: DYNAMIC
Expect-CT: max-age=604800, report-uri="https://report-uri.cloudflare.com/cdn-cgi/beacon/expect-ct"
X-Content-Type-Options: nosniff
Server: cloudflare
CF-RAY: 72d2bfee2a754be6-SIN
Content-Encoding: gzip
alt-svc: h3=":443"; ma=86400, h3-29=":443"; ma=86400

{
    "meta": {
        "total_data": 29
    },
    "data": [
        {
            "aspirasi_perindo_id": 36,
            "order_id": 0,
            "asset": "https://api.partaiperindo.com/statics/content/aspirasiperindo/asset-whatsapp-image-2022-07-04-at-5-22-06-am-1656887301398315182.jpeg",
            "name": "Aap Nuryadi",
            "title": "Pedagang Somai dan Batagor",
            "description": "Saya memang sudah lama mau ganti gerobak usaha, tapi untung ada Partai Perindo yang mau membantu. Terima Kasih Partai Perindo"
        },
        {
            "aspirasi_perindo_id": 30,
            "order_id": 0,
            "asset": "https://api.partaiperindo.com/statics/content/aspirasiperindo/asset-whatsapp-image-2022-03-14-at-4-50-57-pm-1647251583845611052.jpeg",
            "name": "Ibu Rumsiyah",
            "title": "Pedagang di Jakarta",
            "description": "Saya berterimakasih kepada Partai Perindo karena diberikan gerobak jualan yang baru. Kebetulan gerobak lama saya sudah rusak."
        },
        {
            "aspirasi_perindo_id": 31,
            "order_id": 0,
            "asset": "https://api.partaiperindo.com/statics/content/aspirasiperindo/asset-whatsapp-image-2022-03-14-at-5-01-11-pm-1647252181467678033.jpeg",
            "name": "Abdurachman",
            "title": "Pedagang di Jakarta",
            "description": "Alhamdulillah... terima kasih kepada Partai Perindo yang menunjukkan kepedulian kepada rakyat kecil. Setidaknya membantu kami untuk terus berusaha dengan gerobak Perindo."
        }
    ]
}
]]></system-out>
  </testcase>
  <testcase name="listgallery" classname="PPProd.partaiperindo" time="0.217">
    <system-out><![CDATA[HTTP/1.1 200 OK
Date: Tue, 19 Jul 2022 10:24:51 GMT
Content-Type: application/json; charset=UTF-8
Transfer-Encoding: chunked
Connection: keep-alive
Vary: Origin
Strict-Transport-Security: max-age=31536000; includeSubDomains; preload
CF-Cache-Status: DYNAMIC
Expect-CT: max-age=604800, report-uri="https://report-uri.cloudflare.com/cdn-cgi/beacon/expect-ct"
X-Content-Type-Options: nosniff
Server: cloudflare
CF-RAY: 72d2bfef2a266bd6-SIN
Content-Encoding: gzip
alt-svc: h3=":443"; ma=86400, h3-29=":443"; ma=86400

{
    "meta": {
        "total_data": 635
    },
    "data": [
        {
            "gallery_id": 583,
            "order_id": 0,
            "type": "picture",
            "asset": {
                "String": "https://api.partaiperindo.com/statics/content/gallery/asset-whatsapp-image-2022-06-29-at-5-26-51-pm-1-1656501137221367214.jpeg",
                "Valid": true
            },
            "embed": {
                "String": "",
                "Valid": false
            },
            "description": "Billboard Partai Perindo di Jalan A.H Nasution, Bandung",
            "event_date": "2022-06-29T00:00:00+07:00"
        },
        {
            "gallery_id": 585,
            "order_id": 0,
            "type": "picture",
            "asset": {
                "String": "https://api.partaiperindo.com/statics/content/gallery/asset-93c64c5c-1278-4fe9-818e-e57b9440af2d-1656501396814535131.jpeg",
                "Valid": true
            },
            "embed": {
                "String": "",
                "Valid": false
            },
            "description": "Billboard Partai Perindo di Jalan Buah Batu No 206 Bandung",
            "event_date": "2022-06-29T00:00:00+07:00"
        },
        {
            "gallery_id": 606,
            "order_id": 0,
            "type": "picture",
            "asset": {
                "String": "https://api.partaiperindo.com/statics/content/gallery/asset-whatsapp-image-2022-07-04-at-3-14-33-pm-1-1657007944986056567.jpeg",
                "Valid": true
            },
            "embed": {
                "String": "",
                "Valid": false
            },
            "description": "Baliho Partai Perindo yang memajang foto Ketua Umum Hary Tanoesoedibjo dan Wakil Ketua Umum Ferry Kurnia Rizkiyansyah di Simpang Cicaheum, Bandung.",
            "event_date": "2022-07-05T00:00:00+07:00"
        },
        {
            "gallery_id": 613,
            "order_id": 0,
            "type": "picture",
            "asset": {
                "String": "https://api.partaiperindo.com/statics/content/gallery/asset-whatsapp-image-2022-07-05-at-2-33-25-pm-1657010643378767637.jpeg",
                "Valid": true
            },
            "embed": {
                "String": "",
                "Valid": false
            },
            "description": "Baliho Partai Perindo di Pertigaan Lampu Merah TMP Kalibata, Jakarta",
            "event_date": "2022-07-05T00:00:00+07:00"
        },
        {
            "gallery_id": 614,
            "order_id": 0,
            "type": "picture",
            "asset": {
                "String": "https://api.partaiperindo.com/statics/content/gallery/asset-whatsapp-image-2022-07-06-at-5-55-25-pm-1657159123097186829.jpeg",
                "Valid": true
            },
            "embed": {
                "String": "",
                "Valid": false
            },
            "description": "Baliho di Manyar Kertoarjo 57, Surabaya menampilkan pesan Millenials, Gabung Bersama Partai Perindo untuk Bangun Indonesia Berbasis Digital",
            "event_date": "2022-07-07T00:00:00+07:00"
        },
        {
            "gallery_id": 615,
            "order_id": 0,
            "type": "picture",
            "asset": {
                "String": "https://api.partaiperindo.com/statics/content/gallery/asset-whatsapp-image-2022-07-06-at-5-56-15-pm-1657159347468661139.jpeg",
                "Valid": true
            },
            "embed": {
                "String": "",
                "Valid": false
            },
            "description": "Baliho Partai Perindo di Jalan Percetakan Negara, Taman Mencis, Jakarta Pusat",
            "event_date": "2022-07-07T00:00:00+07:00"
        },
        {
            "gallery_id": 624,
            "order_id": 0,
            "type": "infographic",
            "asset": {
                "String": "https://api.partaiperindo.com/statics/content/gallery/asset-data-1-miliar-warga-china-dicuri-dan-dijual-bebas-oleh-hacker-qpa-1657259486072093462.jpg",
                "Valid": true
            },
            "embed": {
                "String": "",
                "Valid": false
            },
            "description": "Data 1 Miliar Warga China Dicuri dan Dijual Bebas oleh Hacker\r\n",
            "event_date": "2022-07-08T00:00:00+07:00"
        },
        {
            "gallery_id": 635,
            "order_id": 1,
            "type": "video",
            "asset": {
                "String": "",
                "Valid": false
            },
            "embed": {
                "String": "1ePXONEUOi4",
                "Valid": true
            },
            "description": "Menilik Sisi Positif \"Citayam Fashion Week\"\r\n",
            "event_date": "2022-07-13T00:00:00+07:00"
        },
        {
            "gallery_id": 643,
            "order_id": 1,
            "type": "video",
            "asset": {
                "String": "",
                "Valid": false
            },
            "embed": {
                "String": "wA7IBGQBI-M",
                "Valid": true
            },
            "description": "Pro dan Kontra Cuti Hamil 6 Bulan dalam RUU KIA\r\n",
            "event_date": "2022-07-13T00:00:00+07:00"
        },
        {
            "gallery_id": 644,
            "order_id": 1,
            "type": "video",
            "asset": {
                "String": "",
                "Valid": false
            },
            "embed": {
                "String": "JCW3jSz6khQ",
                "Valid": true
            },
            "description": "Menembus Hujan, Anggota Dewan Partai Perindo Bagikan Daging Kurban ke Rumah Warga Rejang Lebong\r\n",
            "event_date": "2022-07-13T00:00:00+07:00"
        },
        {
            "gallery_id": 645,
            "order_id": 0,
            "type": "infographic",
            "asset": {
                "String": "https://api.partaiperindo.com/statics/content/gallery/asset-berserat-tinggi-ini-makanan-yang-bisa-menurunkan-berat-badan-riw-1657686546491863998.jpg",
                "Valid": true
            },
            "embed": {
                "String": "",
                "Valid": false
            },
            "description": "Berserat Tinggi, Ini Makanan yang Bisa Menurunkan Berat Badan\r\n",
            "event_date": "2022-07-13T00:00:00+07:00"
        },
        {
            "gallery_id": 646,
            "order_id": 0,
            "type": "infographic",
            "asset": {
                "String": "https://api.partaiperindo.com/statics/content/gallery/asset-microsoft_phk-1657688654564200884.jpg",
                "Valid": true
            },
            "embed": {
                "String": "",
                "Valid": false
            },
            "description": "\r\nMicrosoft PHK Ribuan Karyawan",
            "event_date": "2022-07-13T00:00:00+07:00"
        },
        {
            "gallery_id": 647,
            "order_id": 0,
            "type": "infographic",
            "asset": {
                "String": "https://api.partaiperindo.com/statics/content/gallery/asset-infografis_pengaduan_konsumen-1657688906848257231.jpg",
                "Valid": true
            },
            "embed": {
                "String": "",
                "Valid": false
            },
            "description": "Pengaduan Konsumen Paling Banyak dari Sektor E-Commerce \r\n\r\n",
            "event_date": "2022-07-13T00:00:00+07:00"
        },
        {
            "gallery_id": 648,
            "order_id": 0,
            "type": "infographic",
            "asset": {
                "String": "https://api.partaiperindo.com/statics/content/gallery/asset-banjir_rob_utara_jakarta_1-1657689076328165765.jpeg",
                "Valid": true
            },
            "embed": {
                "String": "",
                "Valid": false
            },
            "description": "Banjir Rob Diprediksi Terjang Pesisir Utara Jakarta 8-17 Juli 2022",
            "event_date": "2022-07-13T00:00:00+07:00"
        },
        {
            "gallery_id": 649,
            "order_id": 0,
            "type": "infographic",
            "asset": {
                "String": "https://api.partaiperindo.com/statics/content/gallery/asset-infografis_elon_musk_twitter-1657689218652506625.jpg",
                "Valid": true
            },
            "embed": {
                "String": "",
                "Valid": false
            },
            "description": "Elon Musk Batal Beli Twitter",
            "event_date": "2022-07-13T00:00:00+07:00"
        },
        {
            "gallery_id": 650,
            "order_id": 1,
            "type": "video",
            "asset": {
                "String": "",
                "Valid": false
            },
            "embed": {
                "String": "09IuXlzhGkg",
                "Valid": true
            },
            "description": "Pengembangan Desa Wisata Untuk Kemajuan Kabupaten Bogor",
            "event_date": "2022-07-14T00:00:00+07:00"
        },
        {
            "gallery_id": 651,
            "order_id": 1,
            "type": "video",
            "asset": {
                "String": "",
                "Valid": false
            },
            "embed": {
                "String": "wLPO3FuThl4",
                "Valid": true
            },
            "description": "Alhamdulillah, Partai Perindo Sumut Hadirkan Senyum Warga Kota Medan Lewat Pembagian Daging Kurban\r\n",
            "event_date": "2022-07-14T00:00:00+07:00"
        },
        {
            "gallery_id": 652,
            "order_id": 1,
            "type": "video",
            "asset": {
                "String": "",
                "Valid": false
            },
            "embed": {
                "String": "1ePXONEUOi4",
                "Valid": true
            },
            "description": "Menilik Sisi Positif \"Citayam Fashion Week\"\r\n",
            "event_date": "2022-07-14T00:00:00+07:00"
        },
        {
            "gallery_id": 653,
            "order_id": 0,
            "type": "video",
            "asset": {
                "String": "",
                "Valid": false
            },
            "embed": {
                "String": "UfFCdAA9Nt8",
                "Valid": true
            },
            "description": "Bagaimana Monitoring Pengumpulan Dana Masyarakat, Belajar Dari Kasus ACT - Webinar Partai Perindo",
            "event_date": "2022-07-15T00:00:00+07:00"
        },
        {
            "gallery_id": 654,
            "order_id": 0,
            "type": "video",
            "asset": {
                "String": "",
                "Valid": false
            },
            "embed": {
                "String": "Gaf5OroeEi0",
                "Valid": true
            },
            "description": "Kebijakan Pergantian Nama Jalan di Jakarta, Setujukah?\r\n",
            "event_date": "2022-07-19T00:00:00+07:00"
        }
    ]
}
]]></system-out>
  </testcase>
</testsuite>