<?xml version="1.0" encoding="UTF-8"?>
<testng-results ignored="0" total="15" passed="15" failed="0" skipped="0">
  <reporter-output>
  </reporter-output>
  <suite started-at="2022-07-19T17:24:13 WIB" name="Regression" finished-at="2022-07-19T17:24:51 WIB" duration-ms="37526">
    <groups>
    </groups>
    <test started-at="2022-07-19T17:24:13 WIB" name="RegressionPPAPI" finished-at="2022-07-19T17:24:51 WIB" duration-ms="37526">
      <class name="PPProd.partaiperindo">
        <test-method signature="success_login_nonadmin()[pri:1, instance:PPProd.partaiperindo@15b204a1]" started-at="2022-07-19T17:24:13 WIB" name="success_login_nonadmin" description="TC 1 Login" finished-at="2022-07-19T17:24:15 WIB" duration-ms="2015" status="PASS">
          <reporter-output>
          </reporter-output>
        </test-method> <!-- success_login_nonadmin -->
        <test-method signature="failed_login_invalidpassword()[pri:2, instance:PPProd.partaiperindo@15b204a1]" started-at="2022-07-19T17:24:15 WIB" name="failed_login_invalidpassword" description="TC 2 Invalid Password when login" finished-at="2022-07-19T17:24:16 WIB" duration-ms="213" status="PASS">
          <reporter-output>
          </reporter-output>
        </test-method> <!-- failed_login_invalidpassword -->
        <test-method signature="failed_login_invalidphonenumberformat()[pri:3, instance:PPProd.partaiperindo@15b204a1]" started-at="2022-07-19T17:24:16 WIB" name="failed_login_invalidphonenumberformat" description="TC 3 Invalid Phone Number when login" finished-at="2022-07-19T17:24:17 WIB" duration-ms="1139" status="PASS">
          <reporter-output>
          </reporter-output>
        </test-method> <!-- failed_login_invalidphonenumberformat -->
        <test-method signature="forgotpassword()[pri:4, instance:PPProd.partaiperindo@15b204a1]" started-at="2022-07-19T17:24:17 WIB" name="forgotpassword" description="TC 4 Successful Forgot Password" finished-at="2022-07-19T17:24:22 WIB" duration-ms="5296" status="PASS">
          <reporter-output>
          </reporter-output>
        </test-method> <!-- forgotpassword -->
        <test-method signature="register()[pri:5, instance:PPProd.partaiperindo@15b204a1]" started-at="2022-07-19T17:24:22 WIB" name="register" description="TC 5 Successful Register" finished-at="2022-07-19T17:24:47 WIB" duration-ms="25391" status="PASS">
          <reporter-output>
          </reporter-output>
        </test-method> <!-- register -->
        <test-method signature="search()[pri:6, instance:PPProd.partaiperindo@15b204a1]" started-at="2022-07-19T17:24:47 WIB" name="search" description="TC 6 Successfull search content" finished-at="2022-07-19T17:24:48 WIB" duration-ms="178" status="PASS">
          <reporter-output>
          </reporter-output>
        </test-method> <!-- search -->
        <test-method signature="getAllAksi()[pri:7, instance:PPProd.partaiperindo@15b204a1]" started-at="2022-07-19T17:24:48 WIB" name="getAllAksi" description="TC 7 Get All Listed aksi/berita" finished-at="2022-07-19T17:24:48 WIB" duration-ms="149" status="PASS">
          <reporter-output>
          </reporter-output>
        </test-method> <!-- getAllAksi -->
        <test-method signature="getAksiDetail()[pri:8, instance:PPProd.partaiperindo@15b204a1]" started-at="2022-07-19T17:24:48 WIB" name="getAksiDetail" description="TC 8 Get Detail Aksi/Berita" finished-at="2022-07-19T17:24:48 WIB" duration-ms="169" status="PASS">
          <reporter-output>
          </reporter-output>
        </test-method> <!-- getAksiDetail -->
        <test-method signature="failed_getAksiNotFound()[pri:9, instance:PPProd.partaiperindo@15b204a1]" started-at="2022-07-19T17:24:48 WIB" name="failed_getAksiNotFound" description="TC 9 Failed Get Detail on Specific Aksi" finished-at="2022-07-19T17:24:48 WIB" duration-ms="140" status="PASS">
          <reporter-output>
          </reporter-output>
        </test-method> <!-- failed_getAksiNotFound -->
        <test-method signature="getListAgenda()[pri:10, instance:PPProd.partaiperindo@15b204a1]" started-at="2022-07-19T17:24:48 WIB" name="getListAgenda" description="TC 10 Get All Listed Agenda/Event" finished-at="2022-07-19T17:24:48 WIB" duration-ms="204" status="PASS">
          <reporter-output>
          </reporter-output>
        </test-method> <!-- getListAgenda -->
        <test-method signature="getListAgendaDetail()[pri:11, instance:PPProd.partaiperindo@15b204a1]" started-at="2022-07-19T17:24:48 WIB" name="getListAgendaDetail" description="TC 11 Get Detail on Specific Agenda" finished-at="2022-07-19T17:24:48 WIB" duration-ms="137" status="PASS">
          <reporter-output>
          </reporter-output>
        </test-method> <!-- getListAgendaDetail -->
        <test-method signature="failed_getListAgendaDetail()[pri:12, instance:PPProd.partaiperindo@15b204a1]" started-at="2022-07-19T17:24:48 WIB" name="failed_getListAgendaDetail" description="TC 12 Failed Get Detail on Specific Agenda" finished-at="2022-07-19T17:24:48 WIB" duration-ms="150" status="PASS">
          <reporter-output>
          </reporter-output>
        </test-method> <!-- failed_getListAgendaDetail -->
        <test-method signature="getmember()[pri:13, instance:PPProd.partaiperindo@15b204a1]" started-at="2022-07-19T17:24:48 WIB" name="getmember" description="TC 13 Get-Member" finished-at="2022-07-19T17:24:50 WIB" duration-ms="1955" status="PASS">
          <reporter-output>
          </reporter-output>
        </test-method> <!-- getmember -->
        <test-method signature="listaspirasi()[pri:14, instance:PPProd.partaiperindo@15b204a1]" started-at="2022-07-19T17:24:50 WIB" name="listaspirasi" description="TC 14 Get List all Aspirasi" finished-at="2022-07-19T17:24:51 WIB" duration-ms="144" status="PASS">
          <reporter-output>
          </reporter-output>
        </test-method> <!-- listaspirasi -->
        <test-method signature="listgallery()[pri:15, instance:PPProd.partaiperindo@15b204a1]" started-at="2022-07-19T17:24:51 WIB" name="listgallery" description="TC 15 Get List all gallery" finished-at="2022-07-19T17:24:51 WIB" duration-ms="202" status="PASS">
          <reporter-output>
          </reporter-output>
        </test-method> <!-- listgallery -->
      </class> <!-- PPProd.partaiperindo -->
    </test> <!-- RegressionPPAPI -->
  </suite> <!-- Regression -->
</testng-results>
