<?xml version="1.0" encoding="UTF-8"?>
<testng-results ignored="0" total="19" passed="15" failed="0" skipped="4">
  <reporter-output>
  </reporter-output>
  <suite started-at="2022-07-19T17:14:02 WIB" name="Regression (0)" finished-at="2022-07-19T17:14:02 WIB" duration-ms="45">
    <groups>
    </groups>
    <test started-at="2022-07-19T17:14:02 WIB" name="RegressionPPUI" finished-at="2022-07-19T17:14:02 WIB" duration-ms="45">
      <class name="PPProd.partaiperindoUI">
        <test-method is-config="true" signature="setUpTest()[pri:0, instance:PPProd.partaiperindoUI@3eb7fc54]" started-at="2022-07-19T17:14:02 WIB" name="setUpTest" finished-at="2022-07-19T17:14:02 WIB" duration-ms="38" status="FAIL">
          <exception class="java.lang.IllegalStateException">
            <message>
              <![CDATA[The driver executable must exist: C:\jenkins\chromedriver.exe]]>
            </message>
            <full-stacktrace>
              <![CDATA[java.lang.IllegalStateException: The driver executable must exist: C:\jenkins\chromedriver.exe
at org.openqa.selenium.internal.Require$FileStateChecker.isFile(Require.java:315)
at org.openqa.selenium.remote.service.DriverService.checkExecutable(DriverService.java:144)
at org.openqa.selenium.remote.service.DriverService.findExecutable(DriverService.java:139)
at org.openqa.selenium.chrome.ChromeDriverService.access$000(ChromeDriverService.java:38)
at org.openqa.selenium.chrome.ChromeDriverService$Builder.findDefaultExecutable(ChromeDriverService.java:231)
at org.openqa.selenium.remote.service.DriverService$Builder.build(DriverService.java:434)
at org.openqa.selenium.chrome.ChromeDriverService.createServiceWithConfig(ChromeDriverService.java:141)
at org.openqa.selenium.chrome.ChromeDriver.<init>(ChromeDriver.java:80)
at PPProd.partaiperindoUI.setUpTest(partaiperindoUI.java:38)
at java.base/jdk.internal.reflect.NativeMethodAccessorImpl.invoke0(Native Method)
at java.base/jdk.internal.reflect.NativeMethodAccessorImpl.invoke(NativeMethodAccessorImpl.java:78)
at java.base/jdk.internal.reflect.DelegatingMethodAccessorImpl.invoke(DelegatingMethodAccessorImpl.java:43)
at java.base/java.lang.reflect.Method.invoke(Method.java:567)
at org.testng.internal.MethodInvocationHelper.invokeMethod(MethodInvocationHelper.java:132)
at org.testng.internal.MethodInvocationHelper.invokeMethodConsideringTimeout(MethodInvocationHelper.java:61)
at org.testng.internal.ConfigInvoker.invokeConfigurationMethod(ConfigInvoker.java:366)
at org.testng.internal.ConfigInvoker.invokeConfigurations(ConfigInvoker.java:320)
at org.testng.TestRunner.invokeTestConfigurations(TestRunner.java:617)
at org.testng.TestRunner.beforeRun(TestRunner.java:607)
at org.testng.TestRunner.run(TestRunner.java:578)
at org.testng.SuiteRunner.runTest(SuiteRunner.java:384)
at org.testng.SuiteRunner.runSequentially(SuiteRunner.java:378)
at org.testng.SuiteRunner.privateRun(SuiteRunner.java:337)
at org.testng.SuiteRunner.run(SuiteRunner.java:286)
at org.testng.SuiteRunnerWorker.runSuite(SuiteRunnerWorker.java:53)
at org.testng.SuiteRunnerWorker.run(SuiteRunnerWorker.java:96)
at org.testng.TestNG.runSuitesSequentially(TestNG.java:1218)
at org.testng.TestNG.runSuitesLocally(TestNG.java:1140)
at org.testng.TestNG.runSuites(TestNG.java:1069)
at org.testng.TestNG.run(TestNG.java:1037)
at org.apache.maven.surefire.testng.TestNGExecutor.run(TestNGExecutor.java:284)
at org.apache.maven.surefire.testng.TestNGXmlTestSuite.execute(TestNGXmlTestSuite.java:75)
at org.apache.maven.surefire.testng.TestNGProvider.invoke(TestNGProvider.java:119)
at org.apache.maven.surefire.booter.ForkedBooter.runSuitesInProcess(ForkedBooter.java:428)
at org.apache.maven.surefire.booter.ForkedBooter.execute(ForkedBooter.java:162)
at org.apache.maven.surefire.booter.ForkedBooter.run(ForkedBooter.java:562)
at org.apache.maven.surefire.booter.ForkedBooter.main(ForkedBooter.java:548)
]]>
            </full-stacktrace>
          </exception> <!-- java.lang.IllegalStateException -->
          <reporter-output>
          </reporter-output>
        </test-method> <!-- setUpTest -->
        <test-method signature="kartiniPerindo()[pri:0, instance:PPProd.partaiperindoUI@3eb7fc54]" started-at="2022-07-19T17:14:02 WIB" name="kartiniPerindo" finished-at="2022-07-19T17:14:02 WIB" duration-ms="0" status="SKIP">
          <exception class="java.lang.IllegalStateException">
            <message>
              <![CDATA[The driver executable must exist: C:\jenkins\chromedriver.exe]]>
            </message>
            <full-stacktrace>
              <![CDATA[java.lang.IllegalStateException: The driver executable must exist: C:\jenkins\chromedriver.exe
at org.openqa.selenium.internal.Require$FileStateChecker.isFile(Require.java:315)
at org.openqa.selenium.remote.service.DriverService.checkExecutable(DriverService.java:144)
at org.openqa.selenium.remote.service.DriverService.findExecutable(DriverService.java:139)
at org.openqa.selenium.chrome.ChromeDriverService.access$000(ChromeDriverService.java:38)
at org.openqa.selenium.chrome.ChromeDriverService$Builder.findDefaultExecutable(ChromeDriverService.java:231)
at org.openqa.selenium.remote.service.DriverService$Builder.build(DriverService.java:434)
at org.openqa.selenium.chrome.ChromeDriverService.createServiceWithConfig(ChromeDriverService.java:141)
at org.openqa.selenium.chrome.ChromeDriver.<init>(ChromeDriver.java:80)
at PPProd.partaiperindoUI.setUpTest(partaiperindoUI.java:38)
at java.base/jdk.internal.reflect.NativeMethodAccessorImpl.invoke0(Native Method)
at java.base/jdk.internal.reflect.NativeMethodAccessorImpl.invoke(NativeMethodAccessorImpl.java:78)
at java.base/jdk.internal.reflect.DelegatingMethodAccessorImpl.invoke(DelegatingMethodAccessorImpl.java:43)
at java.base/java.lang.reflect.Method.invoke(Method.java:567)
at org.testng.internal.MethodInvocationHelper.invokeMethod(MethodInvocationHelper.java:132)
at org.testng.internal.MethodInvocationHelper.invokeMethodConsideringTimeout(MethodInvocationHelper.java:61)
at org.testng.internal.ConfigInvoker.invokeConfigurationMethod(ConfigInvoker.java:366)
at org.testng.internal.ConfigInvoker.invokeConfigurations(ConfigInvoker.java:320)
at org.testng.TestRunner.invokeTestConfigurations(TestRunner.java:617)
at org.testng.TestRunner.beforeRun(TestRunner.java:607)
at org.testng.TestRunner.run(TestRunner.java:578)
at org.testng.SuiteRunner.runTest(SuiteRunner.java:384)
at org.testng.SuiteRunner.runSequentially(SuiteRunner.java:378)
at org.testng.SuiteRunner.privateRun(SuiteRunner.java:337)
at org.testng.SuiteRunner.run(SuiteRunner.java:286)
at org.testng.SuiteRunnerWorker.runSuite(SuiteRunnerWorker.java:53)
at org.testng.SuiteRunnerWorker.run(SuiteRunnerWorker.java:96)
at org.testng.TestNG.runSuitesSequentially(TestNG.java:1218)
at org.testng.TestNG.runSuitesLocally(TestNG.java:1140)
at org.testng.TestNG.runSuites(TestNG.java:1069)
at org.testng.TestNG.run(TestNG.java:1037)
at org.apache.maven.surefire.testng.TestNGExecutor.run(TestNGExecutor.java:284)
at org.apache.maven.surefire.testng.TestNGXmlTestSuite.execute(TestNGXmlTestSuite.java:75)
at org.apache.maven.surefire.testng.TestNGProvider.invoke(TestNGProvider.java:119)
at org.apache.maven.surefire.booter.ForkedBooter.runSuitesInProcess(ForkedBooter.java:428)
at org.apache.maven.surefire.booter.ForkedBooter.execute(ForkedBooter.java:162)
at org.apache.maven.surefire.booter.ForkedBooter.run(ForkedBooter.java:562)
at org.apache.maven.surefire.booter.ForkedBooter.main(ForkedBooter.java:548)
]]>
            </full-stacktrace>
          </exception> <!-- java.lang.IllegalStateException -->
          <reporter-output>
          </reporter-output>
        </test-method> <!-- kartiniPerindo -->
        <test-method signature="PetunjukArah()[pri:0, instance:PPProd.partaiperindoUI@3eb7fc54]" started-at="2022-07-19T17:14:02 WIB" name="PetunjukArah" finished-at="2022-07-19T17:14:02 WIB" duration-ms="0" status="SKIP">
          <exception class="java.lang.IllegalStateException">
            <message>
              <![CDATA[The driver executable must exist: C:\jenkins\chromedriver.exe]]>
            </message>
            <full-stacktrace>
              <![CDATA[java.lang.IllegalStateException: The driver executable must exist: C:\jenkins\chromedriver.exe
at org.openqa.selenium.internal.Require$FileStateChecker.isFile(Require.java:315)
at org.openqa.selenium.remote.service.DriverService.checkExecutable(DriverService.java:144)
at org.openqa.selenium.remote.service.DriverService.findExecutable(DriverService.java:139)
at org.openqa.selenium.chrome.ChromeDriverService.access$000(ChromeDriverService.java:38)
at org.openqa.selenium.chrome.ChromeDriverService$Builder.findDefaultExecutable(ChromeDriverService.java:231)
at org.openqa.selenium.remote.service.DriverService$Builder.build(DriverService.java:434)
at org.openqa.selenium.chrome.ChromeDriverService.createServiceWithConfig(ChromeDriverService.java:141)
at org.openqa.selenium.chrome.ChromeDriver.<init>(ChromeDriver.java:80)
at PPProd.partaiperindoUI.setUpTest(partaiperindoUI.java:38)
at java.base/jdk.internal.reflect.NativeMethodAccessorImpl.invoke0(Native Method)
at java.base/jdk.internal.reflect.NativeMethodAccessorImpl.invoke(NativeMethodAccessorImpl.java:78)
at java.base/jdk.internal.reflect.DelegatingMethodAccessorImpl.invoke(DelegatingMethodAccessorImpl.java:43)
at java.base/java.lang.reflect.Method.invoke(Method.java:567)
at org.testng.internal.MethodInvocationHelper.invokeMethod(MethodInvocationHelper.java:132)
at org.testng.internal.MethodInvocationHelper.invokeMethodConsideringTimeout(MethodInvocationHelper.java:61)
at org.testng.internal.ConfigInvoker.invokeConfigurationMethod(ConfigInvoker.java:366)
at org.testng.internal.ConfigInvoker.invokeConfigurations(ConfigInvoker.java:320)
at org.testng.TestRunner.invokeTestConfigurations(TestRunner.java:617)
at org.testng.TestRunner.beforeRun(TestRunner.java:607)
at org.testng.TestRunner.run(TestRunner.java:578)
at org.testng.SuiteRunner.runTest(SuiteRunner.java:384)
at org.testng.SuiteRunner.runSequentially(SuiteRunner.java:378)
at org.testng.SuiteRunner.privateRun(SuiteRunner.java:337)
at org.testng.SuiteRunner.run(SuiteRunner.java:286)
at org.testng.SuiteRunnerWorker.runSuite(SuiteRunnerWorker.java:53)
at org.testng.SuiteRunnerWorker.run(SuiteRunnerWorker.java:96)
at org.testng.TestNG.runSuitesSequentially(TestNG.java:1218)
at org.testng.TestNG.runSuitesLocally(TestNG.java:1140)
at org.testng.TestNG.runSuites(TestNG.java:1069)
at org.testng.TestNG.run(TestNG.java:1037)
at org.apache.maven.surefire.testng.TestNGExecutor.run(TestNGExecutor.java:284)
at org.apache.maven.surefire.testng.TestNGXmlTestSuite.execute(TestNGXmlTestSuite.java:75)
at org.apache.maven.surefire.testng.TestNGProvider.invoke(TestNGProvider.java:119)
at org.apache.maven.surefire.booter.ForkedBooter.runSuitesInProcess(ForkedBooter.java:428)
at org.apache.maven.surefire.booter.ForkedBooter.execute(ForkedBooter.java:162)
at org.apache.maven.surefire.booter.ForkedBooter.run(ForkedBooter.java:562)
at org.apache.maven.surefire.booter.ForkedBooter.main(ForkedBooter.java:548)
]]>
            </full-stacktrace>
          </exception> <!-- java.lang.IllegalStateException -->
          <reporter-output>
          </reporter-output>
        </test-method> <!-- PetunjukArah -->
        <test-method signature="login()[pri:0, instance:PPProd.partaiperindoUI@3eb7fc54]" started-at="2022-07-19T17:14:02 WIB" name="login" finished-at="2022-07-19T17:14:02 WIB" duration-ms="0" status="SKIP">
          <exception class="java.lang.IllegalStateException">
            <message>
              <![CDATA[The driver executable must exist: C:\jenkins\chromedriver.exe]]>
            </message>
            <full-stacktrace>
              <![CDATA[java.lang.IllegalStateException: The driver executable must exist: C:\jenkins\chromedriver.exe
at org.openqa.selenium.internal.Require$FileStateChecker.isFile(Require.java:315)
at org.openqa.selenium.remote.service.DriverService.checkExecutable(DriverService.java:144)
at org.openqa.selenium.remote.service.DriverService.findExecutable(DriverService.java:139)
at org.openqa.selenium.chrome.ChromeDriverService.access$000(ChromeDriverService.java:38)
at org.openqa.selenium.chrome.ChromeDriverService$Builder.findDefaultExecutable(ChromeDriverService.java:231)
at org.openqa.selenium.remote.service.DriverService$Builder.build(DriverService.java:434)
at org.openqa.selenium.chrome.ChromeDriverService.createServiceWithConfig(ChromeDriverService.java:141)
at org.openqa.selenium.chrome.ChromeDriver.<init>(ChromeDriver.java:80)
at PPProd.partaiperindoUI.setUpTest(partaiperindoUI.java:38)
at java.base/jdk.internal.reflect.NativeMethodAccessorImpl.invoke0(Native Method)
at java.base/jdk.internal.reflect.NativeMethodAccessorImpl.invoke(NativeMethodAccessorImpl.java:78)
at java.base/jdk.internal.reflect.DelegatingMethodAccessorImpl.invoke(DelegatingMethodAccessorImpl.java:43)
at java.base/java.lang.reflect.Method.invoke(Method.java:567)
at org.testng.internal.MethodInvocationHelper.invokeMethod(MethodInvocationHelper.java:132)
at org.testng.internal.MethodInvocationHelper.invokeMethodConsideringTimeout(MethodInvocationHelper.java:61)
at org.testng.internal.ConfigInvoker.invokeConfigurationMethod(ConfigInvoker.java:366)
at org.testng.internal.ConfigInvoker.invokeConfigurations(ConfigInvoker.java:320)
at org.testng.TestRunner.invokeTestConfigurations(TestRunner.java:617)
at org.testng.TestRunner.beforeRun(TestRunner.java:607)
at org.testng.TestRunner.run(TestRunner.java:578)
at org.testng.SuiteRunner.runTest(SuiteRunner.java:384)
at org.testng.SuiteRunner.runSequentially(SuiteRunner.java:378)
at org.testng.SuiteRunner.privateRun(SuiteRunner.java:337)
at org.testng.SuiteRunner.run(SuiteRunner.java:286)
at org.testng.SuiteRunnerWorker.runSuite(SuiteRunnerWorker.java:53)
at org.testng.SuiteRunnerWorker.run(SuiteRunnerWorker.java:96)
at org.testng.TestNG.runSuitesSequentially(TestNG.java:1218)
at org.testng.TestNG.runSuitesLocally(TestNG.java:1140)
at org.testng.TestNG.runSuites(TestNG.java:1069)
at org.testng.TestNG.run(TestNG.java:1037)
at org.apache.maven.surefire.testng.TestNGExecutor.run(TestNGExecutor.java:284)
at org.apache.maven.surefire.testng.TestNGXmlTestSuite.execute(TestNGXmlTestSuite.java:75)
at org.apache.maven.surefire.testng.TestNGProvider.invoke(TestNGProvider.java:119)
at org.apache.maven.surefire.booter.ForkedBooter.runSuitesInProcess(ForkedBooter.java:428)
at org.apache.maven.surefire.booter.ForkedBooter.execute(ForkedBooter.java:162)
at org.apache.maven.surefire.booter.ForkedBooter.run(ForkedBooter.java:562)
at org.apache.maven.surefire.booter.ForkedBooter.main(ForkedBooter.java:548)
]]>
            </full-stacktrace>
          </exception> <!-- java.lang.IllegalStateException -->
          <reporter-output>
          </reporter-output>
        </test-method> <!-- login -->
        <test-method signature="pemudaPerindo()[pri:0, instance:PPProd.partaiperindoUI@3eb7fc54]" started-at="2022-07-19T17:14:02 WIB" name="pemudaPerindo" finished-at="2022-07-19T17:14:02 WIB" duration-ms="0" status="SKIP">
          <exception class="java.lang.IllegalStateException">
            <message>
              <![CDATA[The driver executable must exist: C:\jenkins\chromedriver.exe]]>
            </message>
            <full-stacktrace>
              <![CDATA[java.lang.IllegalStateException: The driver executable must exist: C:\jenkins\chromedriver.exe
at org.openqa.selenium.internal.Require$FileStateChecker.isFile(Require.java:315)
at org.openqa.selenium.remote.service.DriverService.checkExecutable(DriverService.java:144)
at org.openqa.selenium.remote.service.DriverService.findExecutable(DriverService.java:139)
at org.openqa.selenium.chrome.ChromeDriverService.access$000(ChromeDriverService.java:38)
at org.openqa.selenium.chrome.ChromeDriverService$Builder.findDefaultExecutable(ChromeDriverService.java:231)
at org.openqa.selenium.remote.service.DriverService$Builder.build(DriverService.java:434)
at org.openqa.selenium.chrome.ChromeDriverService.createServiceWithConfig(ChromeDriverService.java:141)
at org.openqa.selenium.chrome.ChromeDriver.<init>(ChromeDriver.java:80)
at PPProd.partaiperindoUI.setUpTest(partaiperindoUI.java:38)
at java.base/jdk.internal.reflect.NativeMethodAccessorImpl.invoke0(Native Method)
at java.base/jdk.internal.reflect.NativeMethodAccessorImpl.invoke(NativeMethodAccessorImpl.java:78)
at java.base/jdk.internal.reflect.DelegatingMethodAccessorImpl.invoke(DelegatingMethodAccessorImpl.java:43)
at java.base/java.lang.reflect.Method.invoke(Method.java:567)
at org.testng.internal.MethodInvocationHelper.invokeMethod(MethodInvocationHelper.java:132)
at org.testng.internal.MethodInvocationHelper.invokeMethodConsideringTimeout(MethodInvocationHelper.java:61)
at org.testng.internal.ConfigInvoker.invokeConfigurationMethod(ConfigInvoker.java:366)
at org.testng.internal.ConfigInvoker.invokeConfigurations(ConfigInvoker.java:320)
at org.testng.TestRunner.invokeTestConfigurations(TestRunner.java:617)
at org.testng.TestRunner.beforeRun(TestRunner.java:607)
at org.testng.TestRunner.run(TestRunner.java:578)
at org.testng.SuiteRunner.runTest(SuiteRunner.java:384)
at org.testng.SuiteRunner.runSequentially(SuiteRunner.java:378)
at org.testng.SuiteRunner.privateRun(SuiteRunner.java:337)
at org.testng.SuiteRunner.run(SuiteRunner.java:286)
at org.testng.SuiteRunnerWorker.runSuite(SuiteRunnerWorker.java:53)
at org.testng.SuiteRunnerWorker.run(SuiteRunnerWorker.java:96)
at org.testng.TestNG.runSuitesSequentially(TestNG.java:1218)
at org.testng.TestNG.runSuitesLocally(TestNG.java:1140)
at org.testng.TestNG.runSuites(TestNG.java:1069)
at org.testng.TestNG.run(TestNG.java:1037)
at org.apache.maven.surefire.testng.TestNGExecutor.run(TestNGExecutor.java:284)
at org.apache.maven.surefire.testng.TestNGXmlTestSuite.execute(TestNGXmlTestSuite.java:75)
at org.apache.maven.surefire.testng.TestNGProvider.invoke(TestNGProvider.java:119)
at org.apache.maven.surefire.booter.ForkedBooter.runSuitesInProcess(ForkedBooter.java:428)
at org.apache.maven.surefire.booter.ForkedBooter.execute(ForkedBooter.java:162)
at org.apache.maven.surefire.booter.ForkedBooter.run(ForkedBooter.java:562)
at org.apache.maven.surefire.booter.ForkedBooter.main(ForkedBooter.java:548)
]]>
            </full-stacktrace>
          </exception> <!-- java.lang.IllegalStateException -->
          <reporter-output>
          </reporter-output>
        </test-method> <!-- pemudaPerindo -->
      </class> <!-- PPProd.partaiperindoUI -->
    </test> <!-- RegressionPPUI -->
  </suite> <!-- Regression (0) -->
  <suite started-at="2022-07-19T17:13:48 WIB" name="Regression" finished-at="2022-07-19T17:14:02 WIB" duration-ms="13059">
    <groups>
    </groups>
    <test started-at="2022-07-19T17:13:48 WIB" name="RegressionPPAPI" finished-at="2022-07-19T17:14:02 WIB" duration-ms="13059">
      <class name="PPProd.partaiperindo">
        <test-method signature="success_login_nonadmin()[pri:1, instance:PPProd.partaiperindo@1fe20588]" started-at="2022-07-19T17:13:48 WIB" name="success_login_nonadmin" description="TC 1 Login" finished-at="2022-07-19T17:13:51 WIB" duration-ms="2222" status="PASS">
          <reporter-output>
          </reporter-output>
        </test-method> <!-- success_login_nonadmin -->
        <test-method signature="failed_login_invalidpassword()[pri:2, instance:PPProd.partaiperindo@1fe20588]" started-at="2022-07-19T17:13:51 WIB" name="failed_login_invalidpassword" description="TC 2 Invalid Password when login" finished-at="2022-07-19T17:13:51 WIB" duration-ms="144" status="PASS">
          <reporter-output>
          </reporter-output>
        </test-method> <!-- failed_login_invalidpassword -->
        <test-method signature="failed_login_invalidphonenumberformat()[pri:3, instance:PPProd.partaiperindo@1fe20588]" started-at="2022-07-19T17:13:51 WIB" name="failed_login_invalidphonenumberformat" description="TC 3 Invalid Phone Number when login" finished-at="2022-07-19T17:13:52 WIB" duration-ms="1121" status="PASS">
          <reporter-output>
          </reporter-output>
        </test-method> <!-- failed_login_invalidphonenumberformat -->
        <test-method signature="forgotpassword()[pri:4, instance:PPProd.partaiperindo@1fe20588]" started-at="2022-07-19T17:13:52 WIB" name="forgotpassword" description="TC 4 Successful Forgot Password" finished-at="2022-07-19T17:13:57 WIB" duration-ms="5267" status="PASS">
          <reporter-output>
          </reporter-output>
        </test-method> <!-- forgotpassword -->
        <test-method signature="register()[pri:5, instance:PPProd.partaiperindo@1fe20588]" started-at="2022-07-19T17:13:57 WIB" name="register" description="TC 5 Successful Register" finished-at="2022-07-19T17:13:58 WIB" duration-ms="1226" status="PASS">
          <reporter-output>
          </reporter-output>
        </test-method> <!-- register -->
        <test-method signature="search()[pri:6, instance:PPProd.partaiperindo@1fe20588]" started-at="2022-07-19T17:13:58 WIB" name="search" description="TC 6 Successfull search content" finished-at="2022-07-19T17:13:59 WIB" duration-ms="219" status="PASS">
          <reporter-output>
          </reporter-output>
        </test-method> <!-- search -->
        <test-method signature="getAllAksi()[pri:7, instance:PPProd.partaiperindo@1fe20588]" started-at="2022-07-19T17:13:59 WIB" name="getAllAksi" description="TC 7 Get All Listed aksi/berita" finished-at="2022-07-19T17:13:59 WIB" duration-ms="108" status="PASS">
          <reporter-output>
          </reporter-output>
        </test-method> <!-- getAllAksi -->
        <test-method signature="getAksiDetail()[pri:8, instance:PPProd.partaiperindo@1fe20588]" started-at="2022-07-19T17:13:59 WIB" name="getAksiDetail" description="TC 8 Get Detail Aksi/Berita" finished-at="2022-07-19T17:13:59 WIB" duration-ms="137" status="PASS">
          <reporter-output>
          </reporter-output>
        </test-method> <!-- getAksiDetail -->
        <test-method signature="failed_getAksiNotFound()[pri:9, instance:PPProd.partaiperindo@1fe20588]" started-at="2022-07-19T17:13:59 WIB" name="failed_getAksiNotFound" description="TC 9 Failed Get Detail on Specific Aksi" finished-at="2022-07-19T17:13:59 WIB" duration-ms="111" status="PASS">
          <reporter-output>
          </reporter-output>
        </test-method> <!-- failed_getAksiNotFound -->
        <test-method signature="getListAgenda()[pri:10, instance:PPProd.partaiperindo@1fe20588]" started-at="2022-07-19T17:13:59 WIB" name="getListAgenda" description="TC 10 Get All Listed Agenda/Event" finished-at="2022-07-19T17:13:59 WIB" duration-ms="173" status="PASS">
          <reporter-output>
          </reporter-output>
        </test-method> <!-- getListAgenda -->
        <test-method signature="getListAgendaDetail()[pri:11, instance:PPProd.partaiperindo@1fe20588]" started-at="2022-07-19T17:13:59 WIB" name="getListAgendaDetail" description="TC 11 Get Detail on Specific Agenda" finished-at="2022-07-19T17:13:59 WIB" duration-ms="117" status="PASS">
          <reporter-output>
          </reporter-output>
        </test-method> <!-- getListAgendaDetail -->
        <test-method signature="failed_getListAgendaDetail()[pri:12, instance:PPProd.partaiperindo@1fe20588]" started-at="2022-07-19T17:13:59 WIB" name="failed_getListAgendaDetail" description="TC 12 Failed Get Detail on Specific Agenda" finished-at="2022-07-19T17:13:59 WIB" duration-ms="108" status="PASS">
          <reporter-output>
          </reporter-output>
        </test-method> <!-- failed_getListAgendaDetail -->
        <test-method signature="getmember()[pri:13, instance:PPProd.partaiperindo@1fe20588]" started-at="2022-07-19T17:13:59 WIB" name="getmember" description="TC 13 Get-Member" finished-at="2022-07-19T17:14:01 WIB" duration-ms="1807" status="PASS">
          <reporter-output>
          </reporter-output>
        </test-method> <!-- getmember -->
        <test-method signature="listaspirasi()[pri:14, instance:PPProd.partaiperindo@1fe20588]" started-at="2022-07-19T17:14:01 WIB" name="listaspirasi" description="TC 14 Get List all Aspirasi" finished-at="2022-07-19T17:14:01 WIB" duration-ms="104" status="PASS">
          <reporter-output>
          </reporter-output>
        </test-method> <!-- listaspirasi -->
        <test-method signature="listgallery()[pri:15, instance:PPProd.partaiperindo@1fe20588]" started-at="2022-07-19T17:14:01 WIB" name="listgallery" description="TC 15 Get List all gallery" finished-at="2022-07-19T17:14:02 WIB" duration-ms="149" status="PASS">
          <reporter-output>
          </reporter-output>
        </test-method> <!-- listgallery -->
      </class> <!-- PPProd.partaiperindo -->
    </test> <!-- RegressionPPAPI -->
  </suite> <!-- Regression -->
</testng-results>
