<?xml version="1.0" encoding="UTF-8"?>
<!-- Generated by org.testng.reporters.JUnitXMLReporter -->
<testsuite ignored="14" hostname="Rico" failures="0" tests="1" name="Default test" time="1.805" errors="0" timestamp="2022-07-19T14:01:23 WIB">
  <testcase classname="PPProd.partaiperindo" name="listgallery" time="1.772"/>
  <testcase classname="PPProd.partaiperindo" name="failed_login_invalidpassword" time="0.0">
    <ignored/>
  </testcase> <!-- failed_login_invalidpassword -->
  <testcase classname="PPProd.partaiperindo" name="failed_getListAgendaDetail" time="0.0">
    <ignored/>
  </testcase> <!-- failed_getListAgendaDetail -->
  <testcase classname="PPProd.partaiperindo" name="getListAgenda" time="0.0">
    <ignored/>
  </testcase> <!-- getListAgenda -->
  <testcase classname="PPProd.partaiperindo" name="failed_getAksiNotFound" time="0.0">
    <ignored/>
  </testcase> <!-- failed_getAksiNotFound -->
  <testcase classname="PPProd.partaiperindo" name="forgotpassword" time="0.0">
    <ignored/>
  </testcase> <!-- forgotpassword -->
  <testcase classname="PPProd.partaiperindo" name="success_login_nonadmin" time="0.0">
    <ignored/>
  </testcase> <!-- success_login_nonadmin -->
  <testcase classname="PPProd.partaiperindo" name="getmember" time="0.0">
    <ignored/>
  </testcase> <!-- getmember -->
  <testcase classname="PPProd.partaiperindo" name="failed_login_invalidphonenumberformat" time="0.0">
    <ignored/>
  </testcase> <!-- failed_login_invalidphonenumberformat -->
  <testcase classname="PPProd.partaiperindo" name="getListAgendaDetail" time="0.0">
    <ignored/>
  </testcase> <!-- getListAgendaDetail -->
  <testcase classname="PPProd.partaiperindo" name="register" time="0.0">
    <ignored/>
  </testcase> <!-- register -->
  <testcase classname="PPProd.partaiperindo" name="search" time="0.0">
    <ignored/>
  </testcase> <!-- search -->
  <testcase classname="PPProd.partaiperindo" name="getAksiDetail" time="0.0">
    <ignored/>
  </testcase> <!-- getAksiDetail -->
  <testcase classname="PPProd.partaiperindo" name="getAllAksi" time="0.0">
    <ignored/>
  </testcase> <!-- getAllAksi -->
  <testcase classname="PPProd.partaiperindo" name="listaspirasi" time="0.0">
    <ignored/>
  </testcase> <!-- listaspirasi -->
</testsuite> <!-- Default test -->
