<?xml version="1.0" encoding="UTF-8"?>
<testng-results ignored="2" total="3" passed="1" failed="0" skipped="0">
  <reporter-output>
  </reporter-output>
  <suite started-at="2022-08-10T16:35:49 WIB" name="Default suite" finished-at="2022-08-10T16:36:02 WIB" duration-ms="13068">
    <groups>
    </groups>
    <test started-at="2022-08-10T16:35:49 WIB" name="Default test" finished-at="2022-08-10T16:36:02 WIB" duration-ms="13068">
      <class name="PPProd.partaiperindoUIdev">
        <test-method is-config="true" signature="setUpTest()[pri:0, instance:PPProd.partaiperindoUIdev@4cc451f2]" started-at="2022-08-10T16:35:49 WIB" name="setUpTest" finished-at="2022-08-10T16:35:52 WIB" duration-ms="2612" status="PASS">
          <reporter-output>
          </reporter-output>
        </test-method> <!-- setUpTest -->
        <test-method signature="pemudaPerindo()[pri:23, instance:PPProd.partaiperindoUIdev@4cc451f2]" started-at="2022-08-10T16:35:52 WIB" name="pemudaPerindo" description="TC 23 Open Pemuda Perindo" finished-at="2022-08-10T16:36:02 WIB" duration-ms="10418" status="PASS">
          <reporter-output>
          </reporter-output>
        </test-method> <!-- pemudaPerindo -->
      </class> <!-- PPProd.partaiperindoUIdev -->
    </test> <!-- Default test -->
  </suite> <!-- Default suite -->
</testng-results>
